Removed Pin From Net: NetName=VSS Pin=RCLASS-1
Removed Pin From Net: NetName=VDD Pin=RDET-2
Change Component Comment : Designator=R11 Old Comment=1K New Comment=4K7
Change Component Comment : Designator=R1 Old Comment=1K New Comment=24K
Change Component Comment : Designator=R12 Old Comment=3.09K New Comment=1K5
Change Component Comment : Designator=RCLASS Old Comment=4K42 New Comment=4K3
Change Component Comment : Designator=R2 Old Comment=18K New Comment=1K3
Change Component Comment : Designator=RDET Old Comment=24K9 New Comment=24K
Added Component: Designator=RCLASS2(RES300)
Added Component: Designator=RDET2(RES300)
Added Pin To Net: NetName=VSS Pin=RCLASS2-1
Added Pin To Net: NetName=VDD Pin=RDET2-2
Added Pin To Net: NetName=NetRCLASS2_2 Pin=RCLASS-1
Added Pin To Net: NetName=NetRCLASS2_2 Pin=RCLASS2-2
Added Net: Name=NetRCLASS2_2
Added Pin To Net: NetName=NetRDET2_1 Pin=RDET-2
Added Pin To Net: NetName=NetRDET2_1 Pin=RDET2-1
Added Net: Name=NetRDET2_1
Added Member To Class: ClassName=U_ControladorPOE Member=Component RCLASS2 120
Added Member To Class: ClassName=U_ControladorPOE Member=Component RDET2 910
