Added Pin To Net: NetName=3.3VDC Pin=C4-1
Added Pin To Net: NetName=3.3VDC Pin=C6-1
Added Pin To Net: NetName=3.3VDC Pin=C7-1
Added Pin To Net: NetName=3.3VDC Pin=C8-1
Added Pin To Net: NetName=3.3VDC Pin=C16-1
Added Pin To Net: NetName=3.3VDC Pin=D2-2
Added Pin To Net: NetName=3.3VDC Pin=D3-1
Added Pin To Net: NetName=3.3VDC Pin=J5-1
Added Pin To Net: NetName=3.3VDC Pin=JE3-26
Added Pin To Net: NetName=3.3VDC Pin=R3-2
Added Pin To Net: NetName=3.3VDC Pin=R7-2
Added Pin To Net: NetName=3.3VDC Pin=R10-2
Added Pin To Net: NetName=3.3VDC Pin=U2-2
Added Pin To Net: NetName=3.3VDC Pin=U4-1
Added Pin To Net: NetName=3.3VDC Pin=U4-7
Added Pin To Net: NetName=3.3VDC Pin=U4-8
Added Pin To Net: NetName=3.3VDC Pin=U4-9
Added Net: Name=3.3VDC
Added Pin To Net: NetName=24VDC Pin=C2-1
Added Pin To Net: NetName=24VDC Pin=L1-2
Added Pin To Net: NetName=24VDC Pin=R1-2
Added Pin To Net: NetName=24VDC Pin=R8-1
Added Pin To Net: NetName=24VDC Pin=R14-2
Added Pin To Net: NetName=24VDC Pin=R15-2
Added Pin To Net: NetName=24VDC Pin=R17-2
Added Pin To Net: NetName=24VDC Pin=R18-2
Added Pin To Net: NetName=24VDC Pin=R20-2
Added Pin To Net: NetName=24VDC Pin=R21-2
Added Pin To Net: NetName=24VDC Pin=R23-2
Added Pin To Net: NetName=24VDC Pin=R24-2
Added Net: Name=24VDC
Added Pin To Net: NetName=AN1 Pin=DI1-1
Added Pin To Net: NetName=AN1 Pin=J3-2
Added Net: Name=AN1
Added Pin To Net: NetName=AN2 Pin=DI2-1
Added Pin To Net: NetName=AN2 Pin=J3-4
Added Net: Name=AN2
Added Pin To Net: NetName=AN3 Pin=DI3-1
Added Pin To Net: NetName=AN3 Pin=J3-6
Added Net: Name=AN3
Added Pin To Net: NetName=AN4 Pin=DI4-1
Added Pin To Net: NetName=AN4 Pin=J3-8
Added Net: Name=AN4
Added Pin To Net: NetName=ANALOG_GND_A Pin=C9-2
Added Pin To Net: NetName=ANALOG_GND_A Pin=C10-2
Added Pin To Net: NetName=ANALOG_GND_A Pin=C11-2
Added Pin To Net: NetName=ANALOG_GND_A Pin=C17-2
Added Pin To Net: NetName=ANALOG_GND_A Pin=J3-1
Added Pin To Net: NetName=ANALOG_GND_A Pin=J3-3
Added Pin To Net: NetName=ANALOG_GND_A Pin=J3-5
Added Pin To Net: NetName=ANALOG_GND_A Pin=J3-7
Added Pin To Net: NetName=ANALOG_GND_A Pin=RA1-1
Added Pin To Net: NetName=ANALOG_GND_A Pin=RA2-1
Added Pin To Net: NetName=ANALOG_GND_A Pin=RA3-1
Added Pin To Net: NetName=ANALOG_GND_A Pin=RA4-1
Added Pin To Net: NetName=ANALOG_GND_A Pin=U4-6
Added Net: Name=ANALOG_GND_A
Added Pin To Net: NetName=BUSY_A Pin=JE4-16
Added Pin To Net: NetName=BUSY_A Pin=U4-13
Added Net: Name=BUSY_A
Added Pin To Net: NetName=CS_A Pin=JE1-21
Added Pin To Net: NetName=CS_A Pin=U4-15
Added Net: Name=CS_A
Added Pin To Net: NetName=DCLK_A Pin=JE4-20
Added Pin To Net: NetName=DCLK_A Pin=U4-16
Added Net: Name=DCLK_A
Added Pin To Net: NetName=DIG_OUT1 Pin=J4-2
Added Pin To Net: NetName=DIG_OUT1 Pin=R15-1
Added Pin To Net: NetName=DIG_OUT1 Pin=T1-2
Added Net: Name=DIG_OUT1
Added Pin To Net: NetName=DIG_OUT2 Pin=J4-4
Added Pin To Net: NetName=DIG_OUT2 Pin=R18-1
Added Pin To Net: NetName=DIG_OUT2 Pin=T2-2
Added Net: Name=DIG_OUT2
Added Pin To Net: NetName=DIG_OUT3 Pin=J4-6
Added Pin To Net: NetName=DIG_OUT3 Pin=R21-1
Added Pin To Net: NetName=DIG_OUT3 Pin=T3-2
Added Net: Name=DIG_OUT3
Added Pin To Net: NetName=DIG_OUT4 Pin=J4-8
Added Pin To Net: NetName=DIG_OUT4 Pin=R24-1
Added Pin To Net: NetName=DIG_OUT4 Pin=T4-2
Added Net: Name=DIG_OUT4
Added Pin To Net: NetName=DIN_A Pin=JE4-18
Added Pin To Net: NetName=DIN_A Pin=U4-14
Added Net: Name=DIN_A
Added Pin To Net: NetName=DOUT_A Pin=JE4-17
Added Pin To Net: NetName=DOUT_A Pin=U4-12
Added Net: Name=DOUT_A
Added Pin To Net: NetName=GND1 Pin=JC1-1
Added Pin To Net: NetName=GND1 Pin=JC2-1
Added Pin To Net: NetName=GND1 Pin=JE1-1
Added Net: Name=GND1
Added Pin To Net: NetName=GND2 Pin=JC3-1
Added Pin To Net: NetName=GND2 Pin=JC4-1
Added Pin To Net: NetName=GND2 Pin=JE2-1
Added Net: Name=GND2
Added Pin To Net: NetName=GND Pin=C1-2
Added Pin To Net: NetName=GND Pin=C2-2
Added Pin To Net: NetName=GND Pin=C3-2
Added Pin To Net: NetName=GND Pin=C4-2
Added Pin To Net: NetName=GND Pin=C5-2
Added Pin To Net: NetName=GND Pin=C6-2
Added Pin To Net: NetName=GND Pin=C7-2
Added Pin To Net: NetName=GND Pin=C8-2
Added Pin To Net: NetName=GND Pin=C12-2
Added Pin To Net: NetName=GND Pin=C13-2
Added Pin To Net: NetName=GND Pin=C14-2
Added Pin To Net: NetName=GND Pin=C16-2
Added Pin To Net: NetName=GND Pin=D1-1
Added Pin To Net: NetName=GND Pin=D4-1
Added Pin To Net: NetName=GND Pin=J4-1
Added Pin To Net: NetName=GND Pin=J4-3
Added Pin To Net: NetName=GND Pin=J4-5
Added Pin To Net: NetName=GND Pin=J4-7
Added Pin To Net: NetName=GND Pin=J5-3
Added Pin To Net: NetName=GND Pin=J7-4
Added Pin To Net: NetName=GND Pin=JE3-25
Added Pin To Net: NetName=GND Pin=R2-1
Added Pin To Net: NetName=GND Pin=R4-1
Added Pin To Net: NetName=GND Pin=R12-1
Added Pin To Net: NetName=GND Pin=T1-3
Added Pin To Net: NetName=GND Pin=T2-3
Added Pin To Net: NetName=GND Pin=T3-3
Added Pin To Net: NetName=GND Pin=T4-3
Added Pin To Net: NetName=GND Pin=U1-3
Added Pin To Net: NetName=GND Pin=U1-5
Added Pin To Net: NetName=GND Pin=U3-4
Added Pin To Net: NetName=GND Pin=U3-5
Added Pin To Net: NetName=GND Pin=U3-7
Added Pin To Net: NetName=GND Pin=U4-10
Added Pin To Net: NetName=GND Pin=U4-11
Added Pin To Net: NetName=GND Pin=U6-3
Added Pin To Net: NetName=GND Pin=U6-5
Added Pin To Net: NetName=GND Pin=U7-2
Added Pin To Net: NetName=GND Pin=U7-3
Added Pin To Net: NetName=GND Pin=U7-6
Added Pin To Net: NetName=GND Pin=U7-7
Added Pin To Net: NetName=GND Pin=U7-9
Added Pin To Net: NetName=GND Pin=U7-12
Added Pin To Net: NetName=GND Pin=U7-13
Added Pin To Net: NetName=GND Pin=U7-16
Added Pin To Net: NetName=GND Pin=U8-5
Added Net: Name=GND
Added Pin To Net: NetName=NetC1_1 Pin=C1-1
Added Pin To Net: NetName=NetC1_1 Pin=C12-1
Added Pin To Net: NetName=NetC1_1 Pin=C14-1
Added Pin To Net: NetName=NetC1_1 Pin=C15-1
Added Pin To Net: NetName=NetC1_1 Pin=DP1-1
Added Pin To Net: NetName=NetC1_1 Pin=DZ1-2
Added Pin To Net: NetName=NetC1_1 Pin=R25-2
Added Pin To Net: NetName=NetC1_1 Pin=RDET-2
Added Pin To Net: NetName=NetC1_1 Pin=U1-1
Added Pin To Net: NetName=NetC1_1 Pin=U6-1
Added Pin To Net: NetName=NetC1_1 Pin=U8-8
Added Net: Name=NetC1_1
Added Pin To Net: NetName=NetC3_1 Pin=C3-1
Added Pin To Net: NetName=NetC3_1 Pin=C13-1
Added Pin To Net: NetName=NetC3_1 Pin=D3-2
Added Pin To Net: NetName=NetC3_1 Pin=J7-1
Added Pin To Net: NetName=NetC3_1 Pin=L2-2
Added Pin To Net: NetName=NetC3_1 Pin=R11-2
Added Pin To Net: NetName=NetC3_1 Pin=U2-3
Added Net: Name=NetC3_1
Added Pin To Net: NetName=NetC5_1 Pin=C5-1
Added Pin To Net: NetName=NetC5_1 Pin=D2-1
Added Pin To Net: NetName=NetC5_1 Pin=R3-1
Added Pin To Net: NetName=NetC5_1 Pin=R4-2
Added Pin To Net: NetName=NetC5_1 Pin=U2-1
Added Net: Name=NetC5_1
Added Pin To Net: NetName=NetC15_2 Pin=C15-2
Added Pin To Net: NetName=NetC15_2 Pin=DP1-3
Added Pin To Net: NetName=NetC15_2 Pin=DZ1-1
Added Pin To Net: NetName=NetC15_2 Pin=RCLASS-1
Added Pin To Net: NetName=NetC15_2 Pin=RILIM-1
Added Pin To Net: NetName=NetC15_2 Pin=U8-4
Added Net: Name=NetC15_2
Added Pin To Net: NetName=NetD1_2 Pin=D1-2
Added Pin To Net: NetName=NetD1_2 Pin=L1-1
Added Pin To Net: NetName=NetD1_2 Pin=U1-2
Added Net: Name=NetD1_2
Added Pin To Net: NetName=NetD4_2 Pin=D4-2
Added Pin To Net: NetName=NetD4_2 Pin=L2-1
Added Pin To Net: NetName=NetD4_2 Pin=U6-2
Added Net: Name=NetD4_2
Added Pin To Net: NetName=NetDI1_2 Pin=DI1-2
Added Pin To Net: NetName=NetDI1_2 Pin=RA1-2
Added Pin To Net: NetName=NetDI1_2 Pin=RF1-1
Added Net: Name=NetDI1_2
Added Pin To Net: NetName=NetDI2_2 Pin=DI2-2
Added Pin To Net: NetName=NetDI2_2 Pin=RA2-2
Added Pin To Net: NetName=NetDI2_2 Pin=RF2-1
Added Net: Name=NetDI2_2
Added Pin To Net: NetName=NetDI3_2 Pin=DI3-2
Added Pin To Net: NetName=NetDI3_2 Pin=RA3-2
Added Pin To Net: NetName=NetDI3_2 Pin=RF3-1
Added Net: Name=NetDI3_2
Added Pin To Net: NetName=NetDI4_2 Pin=DI4-2
Added Pin To Net: NetName=NetDI4_2 Pin=RA4-2
Added Pin To Net: NetName=NetDI4_2 Pin=RF4-1
Added Net: Name=NetDI4_2
Added Pin To Net: NetName=NetDP1_2 Pin=DP1-2
Added Pin To Net: NetName=NetDP1_2 Pin=J6-4
Added Pin To Net: NetName=NetDP1_2 Pin=J6-5
Added Net: Name=NetDP1_2
Added Pin To Net: NetName=NetDP1_4 Pin=DP1-4
Added Pin To Net: NetName=NetDP1_4 Pin=J6-7
Added Pin To Net: NetName=NetDP1_4 Pin=J6-8
Added Net: Name=NetDP1_4
Added Pin To Net: NetName=NetJ1_3 Pin=J1-3
Added Pin To Net: NetName=NetJ1_3 Pin=U3-3
Added Net: Name=NetJ1_3
Added Pin To Net: NetName=NetJ1_4 Pin=J1-4
Added Pin To Net: NetName=NetJ1_4 Pin=R9-2
Added Net: Name=NetJ1_4
Added Pin To Net: NetName=NetJ2_2 Pin=J2-2
Added Pin To Net: NetName=NetJ2_2 Pin=R5-1
Added Net: Name=NetJ2_2
Added Pin To Net: NetName=NetR1_1 Pin=R1-1
Added Pin To Net: NetName=NetR1_1 Pin=R2-2
Added Pin To Net: NetName=NetR1_1 Pin=U1-4
Added Net: Name=NetR1_1
Added Pin To Net: NetName=NetR5_2 Pin=R5-2
Added Pin To Net: NetName=NetR5_2 Pin=R6-1
Added Net: Name=NetR5_2
Added Pin To Net: NetName=NetR6_2 Pin=R6-2
Added Pin To Net: NetName=NetR6_2 Pin=U3-1
Added Net: Name=NetR6_2
Added Pin To Net: NetName=NetR8_2 Pin=R8-2
Added Pin To Net: NetName=NetR8_2 Pin=R9-1
Added Net: Name=NetR8_2
Added Pin To Net: NetName=NetR11_1 Pin=R11-1
Added Pin To Net: NetName=NetR11_1 Pin=R12-2
Added Pin To Net: NetName=NetR11_1 Pin=U6-4
Added Net: Name=NetR11_1
Added Pin To Net: NetName=NetR13_2 Pin=R13-2
Added Pin To Net: NetName=NetR13_2 Pin=U7-1
Added Net: Name=NetR13_2
Added Pin To Net: NetName=NetR14_1 Pin=R14-1
Added Pin To Net: NetName=NetR14_1 Pin=T1-1
Added Pin To Net: NetName=NetR14_1 Pin=U7-15
Added Net: Name=NetR14_1
Added Pin To Net: NetName=NetR16_2 Pin=R16-2
Added Pin To Net: NetName=NetR16_2 Pin=U7-4
Added Net: Name=NetR16_2
Added Pin To Net: NetName=NetR17_1 Pin=R17-1
Added Pin To Net: NetName=NetR17_1 Pin=T2-1
Added Pin To Net: NetName=NetR17_1 Pin=U7-14
Added Net: Name=NetR17_1
Added Pin To Net: NetName=NetR19_2 Pin=R19-2
Added Pin To Net: NetName=NetR19_2 Pin=U7-5
Added Net: Name=NetR19_2
Added Pin To Net: NetName=NetR20_1 Pin=R20-1
Added Pin To Net: NetName=NetR20_1 Pin=T3-1
Added Pin To Net: NetName=NetR20_1 Pin=U7-11
Added Net: Name=NetR20_1
Added Pin To Net: NetName=NetR22_2 Pin=R22-2
Added Pin To Net: NetName=NetR22_2 Pin=U7-8
Added Net: Name=NetR22_2
Added Pin To Net: NetName=NetR23_1 Pin=R23-1
Added Pin To Net: NetName=NetR23_1 Pin=T4-1
Added Pin To Net: NetName=NetR23_1 Pin=U7-10
Added Net: Name=NetR23_1
Added Pin To Net: NetName=NetR25_1 Pin=R25-1
Added Pin To Net: NetName=NetR25_1 Pin=U8-6
Added Net: Name=NetR25_1
Added Pin To Net: NetName=NetRCLASS_2 Pin=RCLASS-2
Added Pin To Net: NetName=NetRCLASS_2 Pin=U8-2
Added Net: Name=NetRCLASS_2
Added Pin To Net: NetName=NetRDET_1 Pin=RDET-1
Added Pin To Net: NetName=NetRDET_1 Pin=U8-3
Added Net: Name=NetRDET_1
Added Pin To Net: NetName=NetRILIM_2 Pin=RILIM-2
Added Pin To Net: NetName=NetRILIM_2 Pin=U8-1
Added Net: Name=NetRILIM_2
Added Pin To Net: NetName=PA0 Pin=JC3-2
Added Pin To Net: NetName=PA0 Pin=JE2-4
Added Net: Name=PA0
Added Pin To Net: NetName=PA13 Pin=J5-4
Added Pin To Net: NetName=PA13 Pin=JE3-17
Added Net: Name=PA13
Added Pin To Net: NetName=PA14 Pin=J5-2
Added Pin To Net: NetName=PA14 Pin=JE3-18
Added Net: Name=PA14
Added Pin To Net: NetName=PB1 Pin=JC2-2
Added Pin To Net: NetName=PB1 Pin=JE1-16
Added Net: Name=PB1
Added Pin To Net: NetName=PB6 Pin=JE2-24
Added Pin To Net: NetName=PB6 Pin=R7-1
Added Pin To Net: NetName=PB6 Pin=U3-8
Added Net: Name=PB6
Added Pin To Net: NetName=PB8 Pin=JE2-20
Added Pin To Net: NetName=PB8 Pin=R10-1
Added Pin To Net: NetName=PB8 Pin=U3-6
Added Net: Name=PB8
Added Pin To Net: NetName=PC3 Pin=JC3-3
Added Pin To Net: NetName=PC3 Pin=JE2-6
Added Net: Name=PC3
Added Pin To Net: NetName=PC7 Pin=JE4-8
Added Pin To Net: NetName=PC7 Pin=R16-1
Added Net: Name=PC7
Added Pin To Net: NetName=PC9 Pin=JE4-6
Added Pin To Net: NetName=PC9 Pin=R13-1
Added Net: Name=PC9
Added Pin To Net: NetName=PD13 Pin=JE4-12
Added Pin To Net: NetName=PD13 Pin=R22-1
Added Net: Name=PD13
Added Pin To Net: NetName=PD15 Pin=JE4-10
Added Pin To Net: NetName=PD15 Pin=R19-1
Added Net: Name=PD15
Added Pin To Net: NetName=PE0 Pin=JC4-5
Added Pin To Net: NetName=PE0 Pin=JE2-18
Added Net: Name=PE0
Added Pin To Net: NetName=PE2 Pin=JC4-3
Added Pin To Net: NetName=PE2 Pin=JE2-16
Added Net: Name=PE2
Added Pin To Net: NetName=PE4 Pin=JC4-2
Added Pin To Net: NetName=PE4 Pin=JE2-14
Added Net: Name=PE4
Added Pin To Net: NetName=PE6 Pin=JC3-5
Added Pin To Net: NetName=PE6 Pin=JE2-12
Added Net: Name=PE6
Added Pin To Net: NetName=PE7 Pin=JC2-5
Added Pin To Net: NetName=PE7 Pin=JE1-14
Added Net: Name=PE7
Added Pin To Net: NetName=PE9 Pin=JC2-3
Added Pin To Net: NetName=PE9 Pin=JE1-12
Added Net: Name=PE9
Added Pin To Net: NetName=PE11 Pin=JC1-2
Added Pin To Net: NetName=PE11 Pin=JE1-10
Added Net: Name=PE11
Added Pin To Net: NetName=PE13 Pin=JC1-5
Added Pin To Net: NetName=PE13 Pin=JE1-8
Added Net: Name=PE13
Added Pin To Net: NetName=PE15 Pin=JC1-3
Added Pin To Net: NetName=PE15 Pin=JE1-6
Added Net: Name=PE15
Added Pin To Net: NetName=PLC_GND Pin=J2-1
Added Pin To Net: NetName=PLC_GND Pin=U3-2
Added Net: Name=PLC_GND
Added Pin To Net: NetName=RA1 Pin=C9-1
Added Pin To Net: NetName=RA1 Pin=RF1-2
Added Pin To Net: NetName=RA1 Pin=U4-2
Added Net: Name=RA1
Added Pin To Net: NetName=RA2 Pin=C10-1
Added Pin To Net: NetName=RA2 Pin=RF2-2
Added Pin To Net: NetName=RA2 Pin=U4-3
Added Net: Name=RA2
Added Pin To Net: NetName=RA3 Pin=C11-1
Added Pin To Net: NetName=RA3 Pin=RF3-2
Added Pin To Net: NetName=RA3 Pin=U4-4
Added Net: Name=RA3
Added Pin To Net: NetName=RA4 Pin=C17-1
Added Pin To Net: NetName=RA4 Pin=RF4-2
Added Pin To Net: NetName=RA4 Pin=U4-5
Added Net: Name=RA4
Added Pin To Net: NetName=RST Pin=J5-5
Added Pin To Net: NetName=RST Pin=JE2-10
Added Net: Name=RST
Added Pin To Net: NetName=RX+ POE Pin=J6-3
Added Pin To Net: NetName=RX+ POE Pin=JE4-23
Added Net: Name=RX+ POE
Added Pin To Net: NetName=RX- POE Pin=J6-6
Added Pin To Net: NetName=RX- POE Pin=JE4-24
Added Net: Name=RX- POE
Added Pin To Net: NetName=TX+ POE Pin=J6-1
Added Pin To Net: NetName=TX+ POE Pin=JE4-25
Added Net: Name=TX+ POE
Added Pin To Net: NetName=TX- POE Pin=J6-2
Added Pin To Net: NetName=TX- POE Pin=JE4-26
Added Net: Name=TX- POE
