Added Component: Designator=C9(CAP100)
Added Component: Designator=C10(CAP100)
Added Component: Designator=C11(CAP100)
Added Component: Designator=C17(CAP100)
Added Component: Designator=DA1(DO41)
Added Component: Designator=DA2(DO41)
Added Component: Designator=DA3(DO41)
Added Component: Designator=DA4(DO41)
Added Component: Designator=J3(TE_1586863-8)
Add component (AddParameter): Name = "Availability"; Value = "Unavailable"; VariantName = "[No Variations]"
Add component (AddParameter): Name = "EU_RoHS_Compliance"; Value = "Compliant"; VariantName = "[No Variations]"
Add component (AddParameter): Name = "MF"; Value = "TE Connectivity"; VariantName = "[No Variations]"
Add component (AddParameter): Name = "MP"; Value = "1586863-8"; VariantName = "[No Variations]"
Add component (AddParameter): Name = "Package"; Value = "None"; VariantName = "[No Variations]"
Add component (AddParameter): Name = "Price"; Value = "None"; VariantName = "[No Variations]"
Add component (AddParameter): Name = "SnapEDA_Link"; Value = "https://www.snapeda.com/parts/1586863-8/TE%20Connectivity%20AMP%20Connectors/view-part/1404500/?ref=snap"; VariantName = "[No Variations]"
Add component (AddParameter): Name = "TE_purchase_URL"; Value = "https://www.te.com/usa-en/product-1586863-8.html?te_bu=Cor&te_type=disp&te_campaign=seda_glo_cor-seda-global-disp-prtnr-fy19-seda-model-bom-cta_sma-317_1&elqCampaignId=32493"; VariantName = "[No Variations]"
Add component (AddParameter): Name = "Value"; Value = ""; VariantName = "[No Variations]"
Added Component: Designator=RA1(RES300)
Added Component: Designator=RA2(RES300)
Added Component: Designator=RA3(RES300)
Added Component: Designator=RA4(RES300)
Added Component: Designator=RF1(RES300)
Added Component: Designator=RF2(RES300)
Added Component: Designator=RF3(RES300)
Added Component: Designator=RF4(RES300)
Added Pin To Net: NetName=RA1 Pin=C9-1
Added Pin To Net: NetName=ANALOG_GND_A Pin=C9-2
Added Pin To Net: NetName=RA2 Pin=C10-1
Added Pin To Net: NetName=ANALOG_GND_A Pin=C10-2
Added Pin To Net: NetName=RA3 Pin=C11-1
Added Pin To Net: NetName=ANALOG_GND_A Pin=C11-2
Added Pin To Net: NetName=RA4 Pin=C17-1
Added Pin To Net: NetName=ANALOG_GND_A Pin=C17-2
Added Pin To Net: NetName=AN1 Pin=DA1-1
Added Pin To Net: NetName=NetDA1_2 Pin=DA1-2
Added Pin To Net: NetName=AN2 Pin=DA2-1
Added Pin To Net: NetName=NetDA2_2 Pin=DA2-2
Added Pin To Net: NetName=AN3 Pin=DA3-1
Added Pin To Net: NetName=NetDA3_2 Pin=DA3-2
Added Pin To Net: NetName=AN4 Pin=DA4-1
Added Pin To Net: NetName=NetDA4_2 Pin=DA4-2
Added Pin To Net: NetName=ANALOG_GND_A Pin=J3-1
Added Pin To Net: NetName=AN1 Pin=J3-2
Added Pin To Net: NetName=ANALOG_GND_A Pin=J3-3
Added Pin To Net: NetName=AN2 Pin=J3-4
Added Pin To Net: NetName=ANALOG_GND_A Pin=J3-5
Added Pin To Net: NetName=AN3 Pin=J3-6
Added Pin To Net: NetName=ANALOG_GND_A Pin=J3-7
Added Pin To Net: NetName=AN4 Pin=J3-8
Added Pin To Net: NetName=ANALOG_GND_A Pin=RA1-1
Added Pin To Net: NetName=NetDA1_2 Pin=RA1-2
Added Pin To Net: NetName=ANALOG_GND_A Pin=RA2-1
Added Pin To Net: NetName=NetDA2_2 Pin=RA2-2
Added Pin To Net: NetName=ANALOG_GND_A Pin=RA3-1
Added Pin To Net: NetName=NetDA3_2 Pin=RA3-2
Added Pin To Net: NetName=ANALOG_GND_A Pin=RA4-1
Added Pin To Net: NetName=NetDA4_2 Pin=RA4-2
Added Pin To Net: NetName=NetDA1_2 Pin=RF1-1
Added Pin To Net: NetName=RA1 Pin=RF1-2
Added Pin To Net: NetName=NetDA2_2 Pin=RF2-1
Added Pin To Net: NetName=RA2 Pin=RF2-2
Added Pin To Net: NetName=NetDA3_2 Pin=RF3-1
Added Pin To Net: NetName=RA3 Pin=RF3-2
Added Pin To Net: NetName=NetDA4_2 Pin=RF4-1
Added Pin To Net: NetName=RA4 Pin=RF4-2
Added Member To Class: ClassName=U_EntradasAnalogicas Member=Component C9 0.1uF
Added Member To Class: ClassName=U_EntradasAnalogicas Member=Component C10 0.1uF
Added Member To Class: ClassName=U_EntradasAnalogicas Member=Component C11 0.1uF
Added Member To Class: ClassName=U_EntradasAnalogicas Member=Component C17 0.1uF
Added Member To Class: ClassName=U_EntradasAnalogicas Member=Component DA1 1N4148
Added Member To Class: ClassName=U_EntradasAnalogicas Member=Component DA2 1N4148
Added Member To Class: ClassName=U_EntradasAnalogicas Member=Component DA3 1N4148
Added Member To Class: ClassName=U_EntradasAnalogicas Member=Component DA4 1N4148
Added Member To Class: ClassName=U_EntradasAnalogicas Member=Component J3 ANALOG IN
Added Member To Class: ClassName=U_EntradasAnalogicas Member=Component RA1 150
Added Member To Class: ClassName=U_EntradasAnalogicas Member=Component RA2 150
Added Member To Class: ClassName=U_EntradasAnalogicas Member=Component RA3 150
Added Member To Class: ClassName=U_EntradasAnalogicas Member=Component RA4 150
Added Member To Class: ClassName=U_EntradasAnalogicas Member=Component RF1 3K3
Added Member To Class: ClassName=U_EntradasAnalogicas Member=Component RF2 3K3
Added Member To Class: ClassName=U_EntradasAnalogicas Member=Component RF3 3K3
Added Member To Class: ClassName=U_EntradasAnalogicas Member=Component RF4 3K3
