Added Component: Designator=DI1(DO41)
Added Component: Designator=DI2(DO41)
Added Component: Designator=DI3(DO41)
Added Component: Designator=DI4(DO41)
Added Component: Designator=RA1(RES300)
Added Component: Designator=RA2(RES300)
Added Component: Designator=RA3(RES300)
Added Component: Designator=RA4(RES300)
Added Component: Designator=RF1(RES300)
Added Component: Designator=RF2(RES300)
Added Component: Designator=RF3(RES300)
Added Component: Designator=RF4(RES300)
Added Pin To Net: NetName=AN1 Pin=DI1-1
Added Pin To Net: NetName=AN2 Pin=DI2-1
Added Pin To Net: NetName=AN3 Pin=DI3-1
Added Pin To Net: NetName=AN4 Pin=DI4-1
Added Pin To Net: NetName=ANALOG_GND_A Pin=RA1-1
Added Pin To Net: NetName=ANALOG_GND_A Pin=RA2-1
Added Pin To Net: NetName=ANALOG_GND_A Pin=RA3-1
Added Pin To Net: NetName=ANALOG_GND_A Pin=RA4-1
Added Pin To Net: NetName=RA1 Pin=RF1-2
Added Pin To Net: NetName=RA2 Pin=RF2-2
Added Pin To Net: NetName=RA3 Pin=RF3-2
Added Pin To Net: NetName=RA4 Pin=RF4-2
Added Pin To Net: NetName=NetDI1_2 Pin=DI1-2
Added Pin To Net: NetName=NetDI1_2 Pin=RA1-2
Added Pin To Net: NetName=NetDI1_2 Pin=RF1-1
Added Net: Name=NetDI1_2
Added Pin To Net: NetName=NetDI2_2 Pin=DI2-2
Added Pin To Net: NetName=NetDI2_2 Pin=RA2-2
Added Pin To Net: NetName=NetDI2_2 Pin=RF2-1
Added Net: Name=NetDI2_2
Added Pin To Net: NetName=NetDI3_2 Pin=DI3-2
Added Pin To Net: NetName=NetDI3_2 Pin=RA3-2
Added Pin To Net: NetName=NetDI3_2 Pin=RF3-1
Added Net: Name=NetDI3_2
Added Pin To Net: NetName=NetDI4_2 Pin=DI4-2
Added Pin To Net: NetName=NetDI4_2 Pin=RA4-2
Added Pin To Net: NetName=NetDI4_2 Pin=RF4-1
Added Net: Name=NetDI4_2
Added Member To Class: ClassName=U_EntradasAnalogicas Member=Component DI1 1N4148
Added Member To Class: ClassName=U_EntradasAnalogicas Member=Component DI2 1N4148
Added Member To Class: ClassName=U_EntradasAnalogicas Member=Component DI3 1N4148
Added Member To Class: ClassName=U_EntradasAnalogicas Member=Component DI4 1N4148
Added Member To Class: ClassName=U_EntradasAnalogicas Member=Component RA1 150
Added Member To Class: ClassName=U_EntradasAnalogicas Member=Component RA2 150
Added Member To Class: ClassName=U_EntradasAnalogicas Member=Component RA3 150
Added Member To Class: ClassName=U_EntradasAnalogicas Member=Component RA4 150
Added Member To Class: ClassName=U_EntradasAnalogicas Member=Component RF1 3K3
Added Member To Class: ClassName=U_EntradasAnalogicas Member=Component RF2 3K3
Added Member To Class: ClassName=U_EntradasAnalogicas Member=Component RF3 3K3
Added Member To Class: ClassName=U_EntradasAnalogicas Member=Component RF4 3K3
