Removed Pin From Net: NetName=3.3VDC Pin=C9-1
Removed Pin From Net: NetName=GND Pin=C9-2
Removed Pin From Net: NetName=3.3VDC Pin=C10-1
Removed Pin From Net: NetName=GND Pin=C10-2
Removed Pin From Net: NetName=3.3VDC Pin=C11-1
Removed Pin From Net: NetName=GND Pin=C11-2
Removed Pin From Net: NetName=3.3VDC Pin=U5-1
Removed Pin From Net: NetName=3.3VDC Pin=U5-7
Removed Pin From Net: NetName=3.3VDC Pin=U5-8
Removed Pin From Net: NetName=3.3VDC Pin=U5-9
Removed Pin From Net: NetName=GND Pin=U5-10
Removed Pin From Net: NetName=GND Pin=U5-11
Removed Member From Class: ClassName=U_EntradasAnalogicas Member=J3A
Removed Member From Class: ClassName=U_EntradasAnalogicas Member=J3B
Removed Member From Class: ClassName=U_EntradasAnalogicas Member=U5
Change Component Footprint: Designator=C10 Old Footprint=CAP200 New Footprint=CAP100
Change Component Footprint: Designator=RA1 Old Footprint=RES400 New Footprint=RES300
Change Component Footprint: Designator=RA2 Old Footprint=RES400 New Footprint=RES300
Change Component Footprint: Designator=RA3 Old Footprint=RES400 New Footprint=RES300
Change Component Footprint: Designator=RA4 Old Footprint=RES400 New Footprint=RES300
Change Component Comment : Designator=C10 Old Comment=1uF New Comment=0.1uF
Added Component: Designator=C17(CAP100)
Added Component: Designator=DA1(DO41)
Added Component: Designator=DA2(DO41)
Added Component: Designator=DA3(DO41)
Added Component: Designator=DA4(DO41)
Added Component: Designator=J3(TE_1586863-8)
Add component (AddParameter): Name = "Availability"; Value = "Unavailable"; VariantName = "[No Variations]"
Add component (AddParameter): Name = "EU_RoHS_Compliance"; Value = "Compliant"; VariantName = "[No Variations]"
Add component (AddParameter): Name = "MF"; Value = "TE Connectivity"; VariantName = "[No Variations]"
Add component (AddParameter): Name = "MP"; Value = "1586863-8"; VariantName = "[No Variations]"
Add component (AddParameter): Name = "Package"; Value = "None"; VariantName = "[No Variations]"
Add component (AddParameter): Name = "Price"; Value = "None"; VariantName = "[No Variations]"
Add component (AddParameter): Name = "SnapEDA_Link"; Value = "https://www.snapeda.com/parts/1586863-8/TE%20Connectivity%20AMP%20Connectors/view-part/1404500/?ref=snap"; VariantName = "[No Variations]"
Add component (AddParameter): Name = "TE_purchase_URL"; Value = "https://www.te.com/usa-en/product-1586863-8.html?te_bu=Cor&te_type=disp&te_campaign=seda_glo_cor-seda-global-disp-prtnr-fy19-seda-model-bom-cta_sma-317_1&elqCampaignId=32493"; VariantName = "[No Variations]"
Add component (AddParameter): Name = "Value"; Value = ""; VariantName = "[No Variations]"
Added Component: Designator=RF1(RES300)
Added Component: Designator=RF2(RES300)
Added Component: Designator=RF3(RES300)
Added Component: Designator=RF4(RES300)
Added Pin To Net: NetName=AN1 Pin=DA1-1
Added Pin To Net: NetName=AN1 Pin=J3-2
Added Net: Name=AN1
Added Pin To Net: NetName=AN2 Pin=DA2-1
Added Pin To Net: NetName=AN2 Pin=J3-4
Added Net: Name=AN2
Added Pin To Net: NetName=AN3 Pin=DA3-1
Added Pin To Net: NetName=AN3 Pin=J3-6
Added Net: Name=AN3
Added Pin To Net: NetName=AN4 Pin=DA4-1
Added Pin To Net: NetName=AN4 Pin=J3-8
Added Net: Name=AN4
Added Pin To Net: NetName=ANALOG_GND Pin=C9-2
Added Pin To Net: NetName=ANALOG_GND Pin=C10-2
Added Pin To Net: NetName=ANALOG_GND Pin=C11-2
Added Pin To Net: NetName=ANALOG_GND Pin=C17-2
Added Pin To Net: NetName=ANALOG_GND Pin=J3-1
Added Pin To Net: NetName=ANALOG_GND Pin=J3-3
Added Pin To Net: NetName=ANALOG_GND Pin=J3-5
Added Pin To Net: NetName=ANALOG_GND Pin=J3-7
Added Pin To Net: NetName=ANALOG_GND Pin=RA1-1
Added Pin To Net: NetName=ANALOG_GND Pin=RA2-1
Added Pin To Net: NetName=ANALOG_GND Pin=RA3-1
Added Pin To Net: NetName=ANALOG_GND Pin=RA4-1
Added Pin To Net: NetName=ANALOG_GND Pin=U4-6
Added Net: Name=ANALOG_GND
Added Pin To Net: NetName=NetDA1_2 Pin=DA1-2
Added Pin To Net: NetName=NetDA1_2 Pin=RA1-2
Added Pin To Net: NetName=NetDA1_2 Pin=RF1-1
Added Net: Name=NetDA1_2
Added Pin To Net: NetName=NetDA2_2 Pin=DA2-2
Added Pin To Net: NetName=NetDA2_2 Pin=RA2-2
Added Pin To Net: NetName=NetDA2_2 Pin=RF2-1
Added Net: Name=NetDA2_2
Added Pin To Net: NetName=NetDA3_2 Pin=DA3-2
Added Pin To Net: NetName=NetDA3_2 Pin=RA3-2
Added Pin To Net: NetName=NetDA3_2 Pin=RF3-1
Added Net: Name=NetDA3_2
Added Pin To Net: NetName=NetDA4_2 Pin=DA4-2
Added Pin To Net: NetName=NetDA4_2 Pin=RA4-2
Added Pin To Net: NetName=NetDA4_2 Pin=RF4-1
Added Net: Name=NetDA4_2
Added Pin To Net: NetName=RA1 Pin=C9-1
Added Pin To Net: NetName=RA1 Pin=RF1-2
Added Pin To Net: NetName=RA1 Pin=U4-2
Added Net: Name=RA1
Added Pin To Net: NetName=RA2 Pin=C10-1
Added Pin To Net: NetName=RA2 Pin=RF2-2
Added Pin To Net: NetName=RA2 Pin=U4-3
Added Net: Name=RA2
Added Pin To Net: NetName=RA3 Pin=C11-1
Added Pin To Net: NetName=RA3 Pin=RF3-2
Added Pin To Net: NetName=RA3 Pin=U4-4
Added Net: Name=RA3
Added Pin To Net: NetName=RA4 Pin=C17-1
Added Pin To Net: NetName=RA4 Pin=RF4-2
Added Pin To Net: NetName=RA4 Pin=U4-5
Added Net: Name=RA4
Added Member To Class: ClassName=U_EntradasAnalogicas Member=Component C17 0.1uF
Added Member To Class: ClassName=U_EntradasAnalogicas Member=Component DA1 1N4148
Added Member To Class: ClassName=U_EntradasAnalogicas Member=Component DA2 1N4148
Added Member To Class: ClassName=U_EntradasAnalogicas Member=Component DA3 1N4148
Added Member To Class: ClassName=U_EntradasAnalogicas Member=Component DA4 1N4148
Added Member To Class: ClassName=U_EntradasAnalogicas Member=Component J3 ANALOG IN
Added Member To Class: ClassName=U_EntradasAnalogicas Member=Component RF1 3K3
Added Member To Class: ClassName=U_EntradasAnalogicas Member=Component RF2 3K3
Added Member To Class: ClassName=U_EntradasAnalogicas Member=Component RF3 3K3
Added Member To Class: ClassName=U_EntradasAnalogicas Member=Component RF4 3K3
