Added Component: Designator=DA3(DO41)
Added Component: Designator=DA4(DO41)
Added Component: Designator=RA3(RES300)
Added Component: Designator=RA4(RES300)
Added Component: Designator=RF3(RES300)
Added Component: Designator=RF4(RES300)
Added Pin To Net: NetName=AN3 Pin=DA3-1
Added Pin To Net: NetName=NetDA3_2 Pin=DA3-2
Added Pin To Net: NetName=AN4 Pin=DA4-1
Added Pin To Net: NetName=NetDA4_2 Pin=DA4-2
Added Pin To Net: NetName=ANALOG_GND_A Pin=RA3-1
Added Pin To Net: NetName=NetDA3_2 Pin=RA3-2
Added Pin To Net: NetName=ANALOG_GND_A Pin=RA4-1
Added Pin To Net: NetName=NetDA4_2 Pin=RA4-2
Added Pin To Net: NetName=NetDA3_2 Pin=RF3-1
Added Pin To Net: NetName=RA3 Pin=RF3-2
Added Pin To Net: NetName=NetDA4_2 Pin=RF4-1
Added Pin To Net: NetName=RA4 Pin=RF4-2
Added Member To Class: ClassName=U_EntradasAnalogicas Member=Component DA3 1N4148
Added Member To Class: ClassName=U_EntradasAnalogicas Member=Component DA4 1N4148
Added Member To Class: ClassName=U_EntradasAnalogicas Member=Component RA3 150
Added Member To Class: ClassName=U_EntradasAnalogicas Member=Component RA4 150
Added Member To Class: ClassName=U_EntradasAnalogicas Member=Component RF3 3K3
Added Member To Class: ClassName=U_EntradasAnalogicas Member=Component RF4 3K3
