2021-07-21 16:53:28,287 [INFO] Activator:170 - 


2021-07-21 16:53:28,289 [INFO] Activator:171 - !SESSION log4j initialized
2021-07-21 16:53:32,104 [INFO] McuFinderGlobals:39 - Set McuFinder mode to 2 (CubeIDE integrated)
2021-07-21 16:53:33,133 [INFO] ApplicationProperties:181 - Using Application install path: C:\ST\STM32CubeIDE_1.6.0\STM32CubeIDE\plugins\com.st.stm32cube.common.mx_6.2.0.202102191602
2021-07-21 16:53:33,140 [INFO] DbMcusXml:74 - Set database path to: C:\ST\STM32CubeIDE_1.6.0\STM32CubeIDE\plugins\com.st.stm32cube.common.mx_6.2.0.202102191602\\db\/mcu/
2021-07-21 16:53:33,143 [INFO] DbBoardsPdsc:56 - Set plugin database path to: C:\ST\STM32CubeIDE_1.6.0\STM32CubeIDE\plugins\com.st.stm32cube.common.mx_6.2.0.202102191602\\db\/plugins/boardmanager/
2021-07-21 16:53:33,145 [INFO] DbMcus:258 - Set plugin images path to: C:\ST\STM32CubeIDE_1.6.0\STM32CubeIDE\plugins\com.st.stm32cube.common.mx_6.2.0.202102191602\\db\/plugins/mcufinder/images/
2021-07-21 16:53:33,145 [INFO] DbBoards:264 - Set plugin images path to: C:\ST\STM32CubeIDE_1.6.0\STM32CubeIDE\plugins\com.st.stm32cube.common.mx_6.2.0.202102191602\\db\/plugins/mcufinder/images/
2021-07-21 16:53:33,147 [INFO] DbExamples:333 - Set plugin images path to: C:\ST\STM32CubeIDE_1.6.0\STM32CubeIDE\plugins\com.st.stm32cube.common.mx_6.2.0.202102191602\\db\/plugins/mcufinder/images/
2021-07-21 16:53:33,150 [INFO] DbMcusAds:85 - Set database path to: C:\Users\joa-m\.stmcufinder\plugins\mcufinder//mcu/
2021-07-21 16:53:33,150 [INFO] DbMcusDocs:110 - Set database path to: C:\Users\joa-m\.stmcufinder\plugins\mcufinder//mcu/
2021-07-21 16:53:33,152 [INFO] DbMcusJson:65 - Set database path to: C:\Users\joa-m\.stmcufinder\plugins\mcufinder//mcu/
2021-07-21 16:53:33,152 [INFO] DbBoardsDocs:110 - Set database path to: C:\Users\joa-m\.stmcufinder\plugins\mcufinder//mcu/
2021-07-21 16:53:33,153 [INFO] DbBoardsJson:58 - Set database path to: C:\Users\joa-m\.stmcufinder\plugins\mcufinder//mcu/
2021-07-21 16:53:33,154 [INFO] CrossReferenceDbSqlite:196 - Set database path to: C:\Users\joa-m\.stmcufinder\plugins\mcufinder//mcu/cs/
2021-07-21 16:53:33,156 [INFO] DbExamplesSqlite:690 - Set database path to: C:\Users\joa-m\.stmcufinder\plugins\mcufinder//mcu/
2021-07-21 16:53:33,226 [INFO] RulesReader:52 - Compatibility file has been processed (237 Rules)
2021-07-21 16:53:33,285 [INFO] MicroXplorer:622 - Detected Java Version = 11.0.9.1
2021-07-21 16:53:33,286 [INFO] DbMcusXml:74 - Set database path to: C:\ST\STM32CubeIDE_1.6.0\STM32CubeIDE\plugins\com.st.stm32cube.common.mx_6.2.0.202102191602\\db\/mcu/
2021-07-21 16:53:33,286 [INFO] DbBoardsPdsc:56 - Set plugin database path to: C:\ST\STM32CubeIDE_1.6.0\STM32CubeIDE\plugins\com.st.stm32cube.common.mx_6.2.0.202102191602\\db\/plugins/boardmanager/
2021-07-21 16:53:33,286 [INFO] DbMcus:258 - Set plugin images path to: C:\ST\STM32CubeIDE_1.6.0\STM32CubeIDE\plugins\com.st.stm32cube.common.mx_6.2.0.202102191602\\db\/plugins/mcufinder/images/
2021-07-21 16:53:33,286 [INFO] DbBoards:264 - Set plugin images path to: C:\ST\STM32CubeIDE_1.6.0\STM32CubeIDE\plugins\com.st.stm32cube.common.mx_6.2.0.202102191602\\db\/plugins/mcufinder/images/
2021-07-21 16:53:33,286 [INFO] DbExamples:333 - Set plugin images path to: C:\ST\STM32CubeIDE_1.6.0\STM32CubeIDE\plugins\com.st.stm32cube.common.mx_6.2.0.202102191602\\db\/plugins/mcufinder/images/
2021-07-21 16:53:33,286 [WARN] DbFile:35 - Overriding database path with different value: C:\Users\joa-m\.stmcufinder\plugins\mcufinder/ => C:\Users\joa-m\.stmcufinder\plugins\mcufinder
2021-07-21 16:53:33,286 [INFO] DbMcusAds:85 - Set database path to: C:\Users\joa-m\.stmcufinder\plugins\mcufinder//mcu/
2021-07-21 16:53:33,287 [WARN] DbFile:35 - Overriding database path with different value: C:\Users\joa-m\.stmcufinder\plugins\mcufinder/ => C:\Users\joa-m\.stmcufinder\plugins\mcufinder
2021-07-21 16:53:33,287 [INFO] DbMcusDocs:110 - Set database path to: C:\Users\joa-m\.stmcufinder\plugins\mcufinder//mcu/
2021-07-21 16:53:33,287 [WARN] DbFile:35 - Overriding database path with different value: C:\Users\joa-m\.stmcufinder\plugins\mcufinder/ => C:\Users\joa-m\.stmcufinder\plugins\mcufinder
2021-07-21 16:53:33,287 [INFO] DbMcusJson:65 - Set database path to: C:\Users\joa-m\.stmcufinder\plugins\mcufinder//mcu/
2021-07-21 16:53:33,287 [WARN] DbFile:35 - Overriding database path with different value: C:\Users\joa-m\.stmcufinder\plugins\mcufinder/ => C:\Users\joa-m\.stmcufinder\plugins\mcufinder
2021-07-21 16:53:33,287 [INFO] DbBoardsDocs:110 - Set database path to: C:\Users\joa-m\.stmcufinder\plugins\mcufinder//mcu/
2021-07-21 16:53:33,287 [WARN] DbFile:35 - Overriding database path with different value: C:\Users\joa-m\.stmcufinder\plugins\mcufinder/ => C:\Users\joa-m\.stmcufinder\plugins\mcufinder
2021-07-21 16:53:33,287 [INFO] DbBoardsJson:58 - Set database path to: C:\Users\joa-m\.stmcufinder\plugins\mcufinder//mcu/
2021-07-21 16:53:33,287 [WARN] DbFile:35 - Overriding database path with different value: C:\Users\joa-m\.stmcufinder\plugins\mcufinder/ => C:\Users\joa-m\.stmcufinder\plugins\mcufinder
2021-07-21 16:53:33,287 [WARN] DbFile:35 - Overriding database path with different value: C:\Users\joa-m\.stmcufinder\plugins\mcufinder/ => C:\Users\joa-m\.stmcufinder\plugins\mcufinder
2021-07-21 16:53:33,287 [INFO] CrossReferenceDbSqlite:196 - Set database path to: C:\Users\joa-m\.stmcufinder\plugins\mcufinder//mcu/cs/
2021-07-21 16:53:33,287 [WARN] DbFile:35 - Overriding database path with different value: C:\Users\joa-m\.stmcufinder\plugins\mcufinder/ => C:\Users\joa-m\.stmcufinder\plugins\mcufinder
2021-07-21 16:53:33,288 [INFO] DbExamplesSqlite:690 - Set database path to: C:\Users\joa-m\.stmcufinder\plugins\mcufinder//mcu/
2021-07-21 16:53:33,323 [INFO] MainPanel:204 - HeapMemory: 268435456
2021-07-21 16:53:33,361 [INFO] DbMcusXml:74 - Set database path to: C:\ST\STM32CubeIDE_1.6.0\STM32CubeIDE\plugins\com.st.stm32cube.common.mx_6.2.0.202102191602\\db\/mcu/
2021-07-21 16:53:33,361 [INFO] DbBoardsPdsc:56 - Set plugin database path to: C:\ST\STM32CubeIDE_1.6.0\STM32CubeIDE\plugins\com.st.stm32cube.common.mx_6.2.0.202102191602\\db\/plugins/boardmanager/
2021-07-21 16:53:33,361 [INFO] DbMcus:258 - Set plugin images path to: C:\ST\STM32CubeIDE_1.6.0\STM32CubeIDE\plugins\com.st.stm32cube.common.mx_6.2.0.202102191602\\db\/plugins/mcufinder/images/
2021-07-21 16:53:33,361 [INFO] DbBoards:264 - Set plugin images path to: C:\ST\STM32CubeIDE_1.6.0\STM32CubeIDE\plugins\com.st.stm32cube.common.mx_6.2.0.202102191602\\db\/plugins/mcufinder/images/
2021-07-21 16:53:33,362 [INFO] DbExamples:333 - Set plugin images path to: C:\ST\STM32CubeIDE_1.6.0\STM32CubeIDE\plugins\com.st.stm32cube.common.mx_6.2.0.202102191602\\db\/plugins/mcufinder/images/
2021-07-21 16:53:33,362 [WARN] DbFile:35 - Overriding database path with different value: C:\Users\joa-m\.stmcufinder\plugins\mcufinder/ => C:\Users\joa-m\.stmcufinder\plugins\mcufinder
2021-07-21 16:53:33,362 [INFO] DbMcusAds:85 - Set database path to: C:\Users\joa-m\.stmcufinder\plugins\mcufinder//mcu/
2021-07-21 16:53:33,362 [WARN] DbFile:35 - Overriding database path with different value: C:\Users\joa-m\.stmcufinder\plugins\mcufinder/ => C:\Users\joa-m\.stmcufinder\plugins\mcufinder
2021-07-21 16:53:33,362 [INFO] DbMcusDocs:110 - Set database path to: C:\Users\joa-m\.stmcufinder\plugins\mcufinder//mcu/
2021-07-21 16:53:33,362 [WARN] DbFile:35 - Overriding database path with different value: C:\Users\joa-m\.stmcufinder\plugins\mcufinder/ => C:\Users\joa-m\.stmcufinder\plugins\mcufinder
2021-07-21 16:53:33,362 [INFO] DbMcusJson:65 - Set database path to: C:\Users\joa-m\.stmcufinder\plugins\mcufinder//mcu/
2021-07-21 16:53:33,362 [WARN] DbFile:35 - Overriding database path with different value: C:\Users\joa-m\.stmcufinder\plugins\mcufinder/ => C:\Users\joa-m\.stmcufinder\plugins\mcufinder
2021-07-21 16:53:33,362 [INFO] DbBoardsDocs:110 - Set database path to: C:\Users\joa-m\.stmcufinder\plugins\mcufinder//mcu/
2021-07-21 16:53:33,362 [WARN] DbFile:35 - Overriding database path with different value: C:\Users\joa-m\.stmcufinder\plugins\mcufinder/ => C:\Users\joa-m\.stmcufinder\plugins\mcufinder
2021-07-21 16:53:33,362 [INFO] DbBoardsJson:58 - Set database path to: C:\Users\joa-m\.stmcufinder\plugins\mcufinder//mcu/
2021-07-21 16:53:33,363 [WARN] DbFile:35 - Overriding database path with different value: C:\Users\joa-m\.stmcufinder\plugins\mcufinder/ => C:\Users\joa-m\.stmcufinder\plugins\mcufinder
2021-07-21 16:53:33,363 [WARN] DbFile:35 - Overriding database path with different value: C:\Users\joa-m\.stmcufinder\plugins\mcufinder/ => C:\Users\joa-m\.stmcufinder\plugins\mcufinder
2021-07-21 16:53:33,363 [INFO] CrossReferenceDbSqlite:196 - Set database path to: C:\Users\joa-m\.stmcufinder\plugins\mcufinder//mcu/cs/
2021-07-21 16:53:33,363 [WARN] DbFile:35 - Overriding database path with different value: C:\Users\joa-m\.stmcufinder\plugins\mcufinder/ => C:\Users\joa-m\.stmcufinder\plugins\mcufinder
2021-07-21 16:53:33,363 [INFO] DbExamplesSqlite:690 - Set database path to: C:\Users\joa-m\.stmcufinder\plugins\mcufinder//mcu/
2021-07-21 16:53:33,374 [INFO] ApplicationProperties:181 - Using Application install path: C:\ST\STM32CubeIDE_1.6.0\STM32CubeIDE\plugins\com.st.stm32cube.common.mx_6.2.0.202102191602
2021-07-21 16:53:33,375 [INFO] PluginManage:178 - Search for loadable plugins [exclusion list=, ]
2021-07-21 16:53:33,376 [INFO] PluginManage:292 - Check plugin analytics
2021-07-21 16:53:38,022 [INFO] AnalyticsPlugin:233 - Accepted Software Licenses: 
2021-07-21 16:53:38,022 [INFO] AnalyticsPlugin:235 - Accepted CMSIS Pack Licenses: 
2021-07-21 16:53:38,022 [INFO] AnalyticsPlugin:237 - Accepted Firmware Licenses: 
2021-07-21 16:53:38,023 [INFO] PluginManage:342 - Loaded plugin analytics (category:tool,tabindex:-1)
2021-07-21 16:53:38,023 [INFO] PluginManage:292 - Check plugin clock
2021-07-21 16:53:38,031 [INFO] PluginManage:342 - Loaded plugin clock (category:base,tabindex:2)
2021-07-21 16:53:38,031 [INFO] PluginManage:292 - Check plugin ddr
2021-07-21 16:53:38,032 [INFO] PluginManage:342 - Loaded plugin ddr (category:tool,tabindex:6)
2021-07-21 16:53:38,032 [INFO] PluginManage:292 - Check plugin filemanager
2021-07-21 16:53:38,108 [INFO] PluginManage:342 - Loaded plugin filemanager (category:base,tabindex:10)
2021-07-21 16:53:38,108 [INFO] PluginManage:292 - Check plugin ipmanager
2021-07-21 16:53:38,113 [INFO] PluginManage:342 - Loaded plugin ipmanager (category:base,tabindex:5)
2021-07-21 16:53:38,113 [INFO] PluginManage:292 - Check plugin pinoutandconfiguration
2021-07-21 16:53:38,119 [INFO] PluginManage:342 - Loaded plugin pinoutandconfiguration (category:base,tabindex:1)
2021-07-21 16:53:38,119 [INFO] PluginManage:292 - Check plugin pinoutconfig
2021-07-21 16:53:38,136 [INFO] PluginManage:342 - Loaded plugin pinoutconfig (category:base,tabindex:0)
2021-07-21 16:53:38,136 [INFO] PluginManage:292 - Check plugin power
2021-07-21 16:53:38,142 [INFO] PluginManage:342 - Loaded plugin power (category:power,tabindex:4)
2021-07-21 16:53:38,142 [INFO] PluginManage:292 - Check plugin projectmanager
2021-07-21 16:53:38,152 [INFO] PluginManage:342 - Loaded plugin projectmanager (category:projectmanager,tabindex:3)
2021-07-21 16:53:38,152 [INFO] PluginManage:292 - Check plugin thirdparty
2021-07-21 16:53:38,239 [INFO] PluginManage:342 - Loaded plugin thirdparty (category:base,tabindex:-1)
2021-07-21 16:53:38,239 [INFO] PluginManage:292 - Check plugin tools
2021-07-21 16:53:38,239 [WARN] IntegrityCheckThread:59 - waiting for thirdparty lock release [integrity check]
2021-07-21 16:53:38,240 [INFO] IntegrityCheckThread:61 - entering critical section [integrity check]
2021-07-21 16:53:38,240 [INFO] ThirdPartyUpdaterWithRetryManager:56 - Updater plugin not ready yet. [1/15]
2021-07-21 16:53:38,241 [INFO] PluginManage:342 - Loaded plugin tools (category:base,tabindex:7)
2021-07-21 16:53:38,241 [INFO] PluginManage:292 - Check plugin tutovideos
2021-07-21 16:53:38,369 [INFO] PluginManage:342 - Loaded plugin tutovideos (category:base,tabindex:-1)
2021-07-21 16:53:38,369 [INFO] PluginManage:292 - Check plugin updater
2021-07-21 16:53:38,377 [INFO] PluginManage:342 - Loaded plugin updater (category:base,tabindex:12)
2021-07-21 16:53:38,377 [INFO] PluginManage:265 - PluginManage : Loaded plugins [13]
2021-07-21 16:53:38,478 [INFO] PinOutPanel:1435 - setPackage(No Configuration,No Configuration)
2021-07-21 16:53:38,530 [INFO] IPUIPlugin:64 - create IPUIPlugin
2021-07-21 16:53:38,530 [INFO] PluginManager:203 - loadIPPluginJar : add adc
2021-07-21 16:53:38,532 [INFO] IPUIPlugin:64 - create IPUIPlugin
2021-07-21 16:53:38,532 [INFO] PluginManager:203 - loadIPPluginJar : add aes
2021-07-21 16:53:38,533 [INFO] IPUIPlugin:64 - create IPUIPlugin
2021-07-21 16:53:38,533 [INFO] PluginManager:203 - loadIPPluginJar : add can
2021-07-21 16:53:38,534 [INFO] IPUIPlugin:64 - create IPUIPlugin
2021-07-21 16:53:38,534 [INFO] PluginManager:203 - loadIPPluginJar : add comp
2021-07-21 16:53:38,536 [INFO] IPUIPlugin:64 - create IPUIPlugin
2021-07-21 16:53:38,536 [INFO] PluginManager:203 - loadIPPluginJar : add cryp
2021-07-21 16:53:38,537 [INFO] IPUIPlugin:64 - create IPUIPlugin
2021-07-21 16:53:38,537 [INFO] PluginManager:203 - loadIPPluginJar : add dfsdm
2021-07-21 16:53:38,541 [INFO] IPUIPlugin:64 - create IPUIPlugin
2021-07-21 16:53:38,541 [INFO] PluginManager:203 - loadIPPluginJar : add dma
2021-07-21 16:53:38,542 [INFO] IPUIPlugin:64 - create IPUIPlugin
2021-07-21 16:53:38,542 [INFO] PluginManager:203 - loadIPPluginJar : add fatfs
2021-07-21 16:53:38,545 [INFO] IPUIPlugin:64 - create IPUIPlugin
2021-07-21 16:53:38,545 [INFO] PluginManager:203 - loadIPPluginJar : add fmc
2021-07-21 16:53:38,548 [INFO] IPUIPlugin:64 - create IPUIPlugin
2021-07-21 16:53:38,549 [INFO] PluginManager:203 - loadIPPluginJar : add freertos
2021-07-21 16:53:38,550 [INFO] IPUIPlugin:64 - create IPUIPlugin
2021-07-21 16:53:38,550 [INFO] PluginManager:203 - loadIPPluginJar : add genericplugin
2021-07-21 16:53:38,551 [INFO] IPUIPlugin:64 - create IPUIPlugin
2021-07-21 16:53:38,551 [INFO] PluginManager:203 - loadIPPluginJar : add gfxmmu
2021-07-21 16:53:38,554 [INFO] IPUIPlugin:64 - create IPUIPlugin
2021-07-21 16:53:38,554 [INFO] PluginManager:203 - loadIPPluginJar : add gic
2021-07-21 16:53:38,557 [INFO] IPUIPlugin:64 - create IPUIPlugin
2021-07-21 16:53:38,557 [INFO] PluginManager:203 - loadIPPluginJar : add gpio
2021-07-21 16:53:38,558 [INFO] IPUIPlugin:64 - create IPUIPlugin
2021-07-21 16:53:38,558 [INFO] PluginManager:203 - loadIPPluginJar : add gtzc
2021-07-21 16:53:38,560 [INFO] IPUIPlugin:64 - create IPUIPlugin
2021-07-21 16:53:38,560 [INFO] PluginManager:203 - loadIPPluginJar : add hash
2021-07-21 16:53:38,561 [INFO] IPUIPlugin:64 - create IPUIPlugin
2021-07-21 16:53:38,561 [INFO] PluginManager:203 - loadIPPluginJar : add i2c
2021-07-21 16:53:38,563 [INFO] IPUIPlugin:64 - create IPUIPlugin
2021-07-21 16:53:38,563 [INFO] PluginManager:203 - loadIPPluginJar : add i2s
2021-07-21 16:53:38,565 [INFO] IPUIPlugin:64 - create IPUIPlugin
2021-07-21 16:53:38,565 [INFO] PluginManager:203 - loadIPPluginJar : add ipddr
2021-07-21 16:53:38,566 [INFO] IPUIPlugin:64 - create IPUIPlugin
2021-07-21 16:53:38,566 [INFO] PluginManager:203 - loadIPPluginJar : add lorawan
2021-07-21 16:53:38,567 [INFO] IPUIPlugin:64 - create IPUIPlugin
2021-07-21 16:53:38,567 [INFO] PluginManager:203 - loadIPPluginJar : add ltdc
2021-07-21 16:53:38,570 [INFO] IPUIPlugin:64 - create IPUIPlugin
2021-07-21 16:53:38,570 [INFO] PluginManager:203 - loadIPPluginJar : add mdma
2021-07-21 16:53:38,572 [INFO] IPUIPlugin:64 - create IPUIPlugin
2021-07-21 16:53:38,572 [INFO] PluginManager:203 - loadIPPluginJar : add nvic
2021-07-21 16:53:38,574 [INFO] IPUIPlugin:64 - create IPUIPlugin
2021-07-21 16:53:38,574 [INFO] PluginManager:203 - loadIPPluginJar : add opamp
2021-07-21 16:53:38,575 [INFO] IPUIPlugin:64 - create IPUIPlugin
2021-07-21 16:53:38,575 [INFO] PluginManager:203 - loadIPPluginJar : add openamp
2021-07-21 16:53:38,577 [INFO] IPUIPlugin:64 - create IPUIPlugin
2021-07-21 16:53:38,577 [INFO] PluginManager:203 - loadIPPluginJar : add pdm2pcm
2021-07-21 16:53:38,581 [INFO] IPUIPlugin:64 - create IPUIPlugin
2021-07-21 16:53:38,583 [INFO] PluginManager:203 - loadIPPluginJar : add plateformsettings
2021-07-21 16:53:38,584 [INFO] IPUIPlugin:64 - create IPUIPlugin
2021-07-21 16:53:38,584 [INFO] PluginManager:203 - loadIPPluginJar : add quadspi
2021-07-21 16:53:38,586 [INFO] IPUIPlugin:64 - create IPUIPlugin
2021-07-21 16:53:38,586 [INFO] PluginManager:203 - loadIPPluginJar : add resmgrutility
2021-07-21 16:53:38,588 [INFO] IPUIPlugin:64 - create IPUIPlugin
2021-07-21 16:53:38,588 [INFO] PluginManager:203 - loadIPPluginJar : add sai
2021-07-21 16:53:38,589 [INFO] IPUIPlugin:64 - create IPUIPlugin
2021-07-21 16:53:38,589 [INFO] PluginManager:203 - loadIPPluginJar : add spi
2021-07-21 16:53:38,592 [INFO] IPUIPlugin:64 - create IPUIPlugin
2021-07-21 16:53:38,592 [INFO] PluginManager:203 - loadIPPluginJar : add stm32_wpan
2021-07-21 16:53:38,593 [INFO] IPUIPlugin:64 - create IPUIPlugin
2021-07-21 16:53:38,593 [INFO] PluginManager:203 - loadIPPluginJar : add tim
2021-07-21 16:53:38,595 [INFO] IPUIPlugin:64 - create IPUIPlugin
2021-07-21 16:53:38,595 [INFO] PluginManager:203 - loadIPPluginJar : add touchsensing
2021-07-21 16:53:38,596 [INFO] IPUIPlugin:64 - create IPUIPlugin
2021-07-21 16:53:38,596 [INFO] PluginManager:203 - loadIPPluginJar : add tracer_emb
2021-07-21 16:53:38,597 [INFO] IPUIPlugin:64 - create IPUIPlugin
2021-07-21 16:53:38,597 [INFO] PluginManager:203 - loadIPPluginJar : add ts
2021-07-21 16:53:38,598 [INFO] IPUIPlugin:64 - create IPUIPlugin
2021-07-21 16:53:38,598 [INFO] PluginManager:203 - loadIPPluginJar : add tsc
2021-07-21 16:53:38,599 [INFO] IPUIPlugin:64 - create IPUIPlugin
2021-07-21 16:53:38,599 [INFO] PluginManager:203 - loadIPPluginJar : add ucpd
2021-07-21 16:53:38,601 [INFO] IPUIPlugin:64 - create IPUIPlugin
2021-07-21 16:53:38,601 [INFO] PluginManager:203 - loadIPPluginJar : add usart
2021-07-21 16:53:38,832 [FATAL] Updater:284 - Updater called before beeing initialized
2021-07-21 16:53:38,900 [FATAL] Updater:284 - Updater called before beeing initialized
2021-07-21 16:53:38,903 [INFO] DbMcusAds:132 - JSON generation date=Mon Mar 01 07:27:39 ART 2021 (1614594459504)
2021-07-21 16:53:38,903 [FATAL] Updater:284 - Updater called before beeing initialized
2021-07-21 16:53:38,928 [WARN] DetailPanel:315 - Failed to get advertising image, set to default
2021-07-21 16:53:39,081 [FATAL] Updater:284 - Updater called before beeing initialized
2021-07-21 16:53:39,083 [FATAL] Updater:284 - Updater called before beeing initialized
2021-07-21 16:53:39,083 [FATAL] Updater:284 - Updater called before beeing initialized
2021-07-21 16:53:39,083 [WARN] DetailPanel:315 - Failed to get advertising image, set to default
2021-07-21 16:53:39,084 [FATAL] Updater:284 - Updater called before beeing initialized
2021-07-21 16:53:39,112 [FATAL] Updater:284 - Updater called before beeing initialized
2021-07-21 16:53:39,113 [WARN] ThirdParty:796 - waiting for thirdparty lock release [close project]
2021-07-21 16:53:41,247 [INFO] ThirdPartyUpdaterWithRetryManager:56 - Updater plugin not ready yet. [2/15]
2021-07-21 16:53:44,258 [FATAL] Updater:284 - Updater called before beeing initialized
2021-07-21 16:53:44,259 [ERROR] AbstractThirdPartyUpdaterManager:153 - class java.lang.Integer cannot be cast to class java.util.List (java.lang.Integer and java.util.List are in module java.base of loader 'bootstrap')
2021-07-21 16:53:44,259 [INFO] ThirdParty:900 - Integrity check success = false
2021-07-21 16:53:44,260 [INFO] IntegrityCheckThread:75 - exiting critical section [integrity check]
2021-07-21 16:53:44,260 [INFO] IntegrityCheckThread:78 - End integrity checks thread
2021-07-21 16:53:44,260 [INFO] ThirdParty:798 - entering critical section [close project]
2021-07-21 16:53:44,262 [INFO] ThirdParty:809 - exiting critical section [close project]
2021-07-21 16:53:44,263 [INFO] PinOutPanel:1435 - setPackage(No Configuration,No Configuration)
2021-07-21 16:53:44,264 [FATAL] Updater:284 - Updater called before beeing initialized
2021-07-21 16:53:44,270 [INFO] Updater:1002 - Updater Version found : 6.2.0
2021-07-21 16:53:44,281 [INFO] ApplicationProperties:181 - Using Application install path: C:\ST\STM32CubeIDE_1.6.0\STM32CubeIDE\plugins\com.st.stm32cube.common.mx_6.2.0.202102191602
2021-07-21 16:53:44,420 [INFO] MainUpdater:2661 - connection check result : 10
2021-07-21 16:53:44,420 [INFO] MainUpdater:255 - Updater Check For Update Now.
2021-07-21 16:53:44,420 [INFO] MicroXplorer:472 - Change Database Version : DB.6.0.20
2021-07-21 16:53:44,445 [INFO] CheckServerUpdateThread:102 - End of CheckServer Thread
2021-07-21 16:53:44,539 [INFO] MainUpdater:2661 - connection check result : 10
2021-07-21 16:53:44,710 [INFO] CrossSelectorPresenter:1330 - Cross Selector saved comparison directory: C:\Users\joa-m\.stmcufinder\plugins\mcufinder\mcu\cs_comparisons_mx
2021-07-21 16:53:44,713 [INFO] MultiScanPanel:200 - Auto-refresh data requested => check proxy status ongoing
2021-07-21 16:53:44,714 [INFO] FinderPluginLoader:87 - Searching for filters in installed packs
2021-07-21 16:53:44,715 [INFO] DbMcusXml:100 - Load MCU database from C:\ST\STM32CubeIDE_1.6.0\STM32CubeIDE\plugins\com.st.stm32cube.common.mx_6.2.0.202102191602\\db\/mcu/families.xml
2021-07-21 16:53:45,264 [INFO] DbMcusJson:94 - JSON generation date=Mon Feb 08 10:35:07 ART 2021 (1612791307)
2021-07-21 16:53:45,757 [INFO] DbMcus:175 - Found 1906 MCUs (1866 are supported by CubeMX, 1866 are visible in CubeMX)
2021-07-21 16:53:45,757 [INFO] ApiDb:251 - Load user favorites file C:\Users\joa-m/.stm32cubeide/favorites.mcus.txt: 0 item(s)
2021-07-21 16:53:45,757 [INFO] ApiDb:255 - User favorites MCUs=[]
2021-07-21 16:53:45,758 [INFO] DbMcus:187 - Set 0 / 0 favorites MCUs
2021-07-21 16:53:46,094 [WARN] DetailPanel:315 - Failed to get advertising image, set to default
2021-07-21 16:53:46,400 [INFO] DbBoardsPdsc:90 - Found 24 items
2021-07-21 16:53:46,402 [INFO] DbBoardsPdsc:90 - Found 9 items
2021-07-21 16:53:46,405 [INFO] DbBoardsPdsc:90 - Found 33 items
2021-07-21 16:53:46,407 [INFO] DbBoardsPdsc:90 - Found 1 items
2021-07-21 16:53:46,411 [INFO] DbBoardsPdsc:90 - Found 46 items
2021-07-21 16:53:46,416 [INFO] DbBoardsPdsc:90 - Found 41 items
2021-07-21 16:53:46,417 [INFO] DbBoardsPdsc:90 - Found 2 items
2021-07-21 16:53:46,418 [INFO] DbBoardsPdsc:90 - Found 5 items
2021-07-21 16:53:46,420 [WARN] DbBoardsPdsc:254 - Board NUCLEO-WB15CC: unknown feature type=, name=, username=Three user LEDs, n=1
2021-07-21 16:53:46,420 [WARN] DbBoardsPdsc:254 - Board NUCLEO-WB15CC: unknown feature type=, name=, username=One reset and three user push-buttons, n=1
2021-07-21 16:53:46,421 [WARN] DbBoardsPdsc:254 - Board NUCLEO-WB15CC: unknown feature type=, name=, username=Arduino Uno V3 expansion connector, n=1
2021-07-21 16:53:46,421 [WARN] DbBoardsPdsc:254 - Board NUCLEO-WB15CC: unknown feature type=, name=, username=ST morpho extension pin headers for full access to all STM32WB I/Os, n=1
2021-07-21 16:53:46,421 [WARN] DbBoardsPdsc:254 - Board NUCLEO-WB15CC: unknown feature type=, name=, username=Integrated PCB antenna and SMA connector footprint, n=1
2021-07-21 16:53:46,421 [WARN] DbBoardsPdsc:254 - Board NUCLEO-WB15CC: unknown feature type=, name=, username=Flexible power-supply options: ST-LINK, USB VBUS, or external sources, n=1
2021-07-21 16:53:46,421 [WARN] DbBoardsPdsc:254 - Board NUCLEO-WB15CC: unknown feature type=, name=, username=On-board footprint to mount a CR2032 battery socket, n=1
2021-07-21 16:53:46,421 [WARN] DbBoardsPdsc:254 - Board NUCLEO-WB15CC: unknown feature type=, name=, username=On-board ST-LINK/V2-1 debugger/programmer with USB re-enumeration capability: mass storage, Virtual COM port, and debug port, n=1
2021-07-21 16:53:46,421 [WARN] DbBoardsPdsc:254 - Board NUCLEO-WB15CC: unknown feature type=, name=, username=Comprehensive free software libraries and examples available with the STM32CubeWB MCU Package, n=1
2021-07-21 16:53:46,421 [WARN] DbBoardsPdsc:254 - Board NUCLEO-WB15CC: unknown feature type=, name=, username=Support of a wide choice of Integrated Development Environments (IDEs) including IAR Embedded Workbench, MDK-ARM, STM32CubeIDE, and Mbed Studio, n=1
2021-07-21 16:53:46,422 [WARN] DbBoardsPdsc:254 - Board STM32H7B3I-DK: unknown feature type=Audio, name=, username=Audio stereo codec with Headphone Amp (CS42L51-CNZ), n=1
2021-07-21 16:53:46,423 [WARN] DbBoardsPdsc:254 - Board STM32H735G-DK: unknown feature type=Audio, name=, username=Audio stereo codec with Headphone Amp (WM8994ECS/R), n=1
2021-07-21 16:53:46,423 [WARN] DbBoardsPdsc:254 - Board STM32WB5MM-DK: unknown feature type=, name=, username=Time-of-Flight and gesture-detection sensor, n=1
2021-07-21 16:53:46,423 [WARN] DbBoardsPdsc:254 - Board STM32WB5MM-DK: unknown feature type=, name=, username=3 push-buttons (2 users and 1 reset) and 1 touch key button, n=1
2021-07-21 16:53:46,423 [WARN] DbBoardsPdsc:254 - Board STM32WB5MM-DK: unknown feature type=, name=, username=Flexible power-supply options: ST-LINK/V2-1 USB connector, 5 V delivered by ARDUINO® or external connector, USB charger, or USB power, n=1
2021-07-21 16:53:46,423 [WARN] DbBoardsPdsc:254 - Board STM32WB5MM-DK: unknown feature type=, name=, username=On-board ST-LINK/V2-1 debugger/programmer with USB re-enumeration capability: Virtual COM port and debug port, n=1
2021-07-21 16:53:46,423 [WARN] DbBoardsPdsc:254 - Board STM32WB5MM-DK: unknown feature type=, name=, username=Comprehensive free software libraries and examples available with the STM32CubeWB MCU Package, n=1
2021-07-21 16:53:46,423 [WARN] DbBoardsPdsc:254 - Board STM32WB5MM-DK: unknown feature type=, name=, username=Support of a wide choice of Integrated Development Environments (IDEs) including IAR Embedded Workbench®, MDK-ARM, and STM32CubeIDE, n=1
2021-07-21 16:53:46,424 [WARN] DbBoardsPdsc:254 - Board STM32H7B3I-EVAL: unknown feature type=Audio, name=, username=Multi-Channel Audio Codec (CS42L51-CNZ), n=1
2021-07-21 16:53:46,424 [WARN] DbBoardsPdsc:254 - Board STM32H7B3I-EVAL: unknown feature type=Meter, name=, username=Power-metering and Temperature-monitoring with sigma-delta modulators, n=1
2021-07-21 16:53:46,424 [WARN] DbBoardsPdsc:254 - Board STM32H7B3I-EVAL: unknown feature type=Motor, name=, username=Motor Control, n=1
2021-07-21 16:53:46,435 [INFO] DbBoardsJson:87 - JSON generation date=Thu Feb 04 13:53:45 ART 2021 (1612457625)
2021-07-21 16:53:46,440 [INFO] DbBoards:117 - Found 161 boards (158 are supported by CubeMX)
2021-07-21 16:53:46,447 [INFO] DbBoardsDocs:143 - JSON generation date=Mon Feb 08 10:35:07 ART 2021 (1612791307)
2021-07-21 16:53:46,463 [INFO] DbBoardsDocs:79 - Found 193 boards documents
2021-07-21 16:53:46,463 [WARN] DbBoards:127 - board B-L462E-CELL1 has no document id list !
2021-07-21 16:53:46,463 [WARN] DbBoards:127 - board B-L475E-IOT01A2 has no document id list !
2021-07-21 16:53:46,464 [WARN] DbBoards:127 - board NUCLEO-G0B1RE has no document id list !
2021-07-21 16:53:46,464 [WARN] DbBoards:127 - board NUCLEO-H743ZI2 has no document id list !
2021-07-21 16:53:46,464 [WARN] DbBoards:127 - board NUCLEO-L4A6ZG has no document id list !
2021-07-21 16:53:46,465 [WARN] DbBoards:127 - board NUCLEO-WB15CC has no document id list !
2021-07-21 16:53:46,465 [WARN] DbBoards:127 - board NUCLEO-WB55RG has no document id list !
2021-07-21 16:53:46,465 [WARN] DbBoards:127 - board NUCLEO-WL55JC2 has no document id list !
2021-07-21 16:53:46,465 [WARN] DbBoards:127 - board P-NUCLEO-WB55-Nucleo has no document id list !
2021-07-21 16:53:46,465 [WARN] DbBoards:127 - board P-NUCLEO-WB55-USBDongle has no document id list !
2021-07-21 16:53:46,465 [WARN] DbBoards:127 - board STEVAL-BFA001V1B has no document id list !
2021-07-21 16:53:46,465 [WARN] DbBoards:127 - board STEVAL-BFA001V2B has no document id list !
2021-07-21 16:53:46,465 [WARN] DbBoards:127 - board STEVAL-IDP005V1 has no document id list !
2021-07-21 16:53:46,465 [WARN] DbBoards:127 - board STEVAL-IDP005V2 has no document id list !
2021-07-21 16:53:46,465 [WARN] DbBoards:127 - board STEVAL-MKSBOX1V1 has no document id list !
2021-07-21 16:53:46,465 [WARN] DbBoards:127 - board STEVAL-STWINKT1 has no document id list !
2021-07-21 16:53:46,465 [WARN] DbBoards:127 - board STEVAL-STWINKT1B has no document id list !
2021-07-21 16:53:46,466 [WARN] DbBoards:127 - board STM32F401C-DISCO has no document id list !
2021-07-21 16:53:46,466 [WARN] DbBoards:127 - board STM32F769I-DISC1 has no document id list !
2021-07-21 16:53:46,466 [WARN] DbBoards:127 - board STM32G0C1E-EV has no document id list !
2021-07-21 16:53:46,466 [WARN] DbBoards:127 - board STM32G474E-EVAL1 has no document id list !
2021-07-21 16:53:46,466 [WARN] DbBoards:127 - board STM32H743I-EVAL2 has no document id list !
2021-07-21 16:53:46,466 [WARN] DbBoards:127 - board STM32H747I-DISC1 has no document id list !
2021-07-21 16:53:46,467 [WARN] DbBoards:127 - board STM32H753I-EVAL2 has no document id list !
2021-07-21 16:53:46,467 [WARN] DbBoards:127 - board STM32L-DISCOVERY has no document id list !
2021-07-21 16:53:46,467 [WARN] DbBoards:127 - board STM32MP157A-DK1 has no document id list !
2021-07-21 16:53:46,467 [WARN] DbBoards:127 - board STM32MP157F-DK2 has no document id list !
2021-07-21 16:53:46,467 [WARN] DbBoards:127 - board STM32MP157F-EV1 has no document id list !
2021-07-21 16:53:46,467 [WARN] DbBoards:127 - board STM32WB5MM-DK has no document id list !
2021-07-21 16:53:47,608 [INFO] ApiDb:251 - Load user favorites file C:\Users\joa-m/.stm32cubeide/favorites.boards.txt: 0 item(s)
2021-07-21 16:53:47,608 [INFO] ApiDb:255 - User favorites Boards=[]
2021-07-21 16:53:47,608 [INFO] DbBoards:206 - Set 0 / 0 favorites Boards
2021-07-21 16:54:08,485 [INFO] DbMcusDocs:143 - JSON generation date=Mon Feb 08 10:35:07 ART 2021 (1612791307)
2021-07-21 16:54:08,676 [INFO] DbMcusDocs:79 - Found 617 MCUs documents
2021-07-21 16:54:22,416 [INFO] MainUpdater:2661 - connection check result : 10
2021-07-21 16:54:22,417 [INFO] MainUpdater:2661 - connection check result : 10
2021-07-21 16:54:22,437 [INFO] MicroXplorer:442 - Change Database Path : 
2021-07-21 16:54:22,438 [INFO] MicroXplorer:472 - Change Database Version : DB.6.0.20
2021-07-21 16:54:22,438 [WARN] ThirdParty:796 - waiting for thirdparty lock release [close project]
2021-07-21 16:54:22,438 [INFO] ThirdParty:798 - entering critical section [close project]
2021-07-21 16:54:22,438 [INFO] ThirdParty:809 - exiting critical section [close project]
2021-07-21 16:54:22,440 [INFO] PinOutPanel:1435 - setPackage(No Configuration,No Configuration)
2021-07-21 16:54:22,440 [INFO] UtilMem:74 - Begin LoadConfig() Used Memory: 497034656 Bytes (547356672)
2021-07-21 16:54:22,441 [INFO] MicroXplorer:442 - Change Database Path : 
2021-07-21 16:54:22,441 [INFO] MicroXplorer:472 - Change Database Version : DB.6.0.20
2021-07-21 16:54:22,442 [INFO] OpenFileManager:303 - Change cursor
2021-07-21 16:54:22,451 [WARN] IntegrityCheckThread:59 - waiting for thirdparty lock release [integrity check]
2021-07-21 16:54:22,451 [INFO] IntegrityCheckThread:61 - entering critical section [integrity check]
2021-07-21 16:54:22,512 [WARN] PackLoader:226 - Cannot read IP mode file for RoweBots.I-CUBE-UNISONRTOS.5.5.0-4
2021-07-21 16:54:22,526 [WARN] PackLoader:226 - Cannot read IP mode file for STMicroelectronics.X-CUBE-SFXS2LP1.3.0.0
2021-07-21 16:54:22,542 [WARN] PackLoader:226 - Cannot read IP mode file for STMicroelectronics.X-CUBE-SUBG2.4.1.0
2021-07-21 16:54:22,610 [WARN] PackLoader:226 - Cannot read IP mode file for STMicroelectronics.X-CUBE-MEMS1.9.0.0
2021-07-21 16:54:22,787 [WARN] PackLoader:226 - Cannot read IP mode file for STMicroelectronics.X-CUBE-MEMS1.8.2.0
2021-07-21 16:54:22,908 [WARN] PackLoader:226 - Cannot read IP mode file for STMicroelectronics.X-CUBE-EEPRMA1.3.0.0
2021-07-21 16:54:22,945 [WARN] PackLoader:226 - Cannot read IP mode file for SEGGER.I-CUBE-embOS.1.2.0
2021-07-21 16:54:22,977 [WARN] PackLoader:226 - Cannot read IP mode file for STMicroelectronics.X-CUBE-BLE1.6.2.0
2021-07-21 16:54:22,980 [WARN] PackLoader:226 - Cannot read IP mode file for STMicroelectronics.X-CUBE-BLE1.6.2.1
2021-07-21 16:54:22,983 [WARN] PackLoader:226 - Cannot read IP mode file for STMicroelectronics.X-CUBE-BLE2.3.2.1
2021-07-21 16:54:22,987 [WARN] PackLoader:226 - Cannot read IP mode file for STMicroelectronics.X-CUBE-NFC4.2.0.3
2021-07-21 16:54:22,993 [WARN] PackLoader:226 - Cannot read IP mode file for STMicroelectronics.X-CUBE-NFC4.2.0.2
2021-07-21 16:54:22,997 [WARN] PackLoader:226 - Cannot read IP mode file for STMicroelectronics.X-CUBE-TOUCHGFX.4.17.0
2021-07-21 16:54:23,002 [WARN] PackLoader:226 - Cannot read IP mode file for STMicroelectronics.X-CUBE-BLE2.3.2.0
2021-07-21 16:54:23,008 [WARN] PackLoader:226 - Cannot read IP mode file for STMicroelectronics.X-CUBE-SFXS2LP1.3.1.0
2021-07-21 16:54:23,015 [WARN] PackLoader:226 - Cannot read IP mode file for STMicroelectronics.X-CUBE-TOF1.2.0.0
2021-07-21 16:54:23,026 [WARN] PackLoader:226 - Cannot read IP mode file for STMicroelectronics.X-CUBE-SUBG2.4.0.0
2021-07-21 16:54:23,043 [WARN] PackLoader:226 - Cannot read IP mode file for STMicroelectronics.X-CUBE-SUBG2.4.2.0
2021-07-21 16:54:23,049 [WARN] PackLoader:226 - Cannot read IP mode file for STMicroelectronics.X-CUBE-TOF1.1.0.0
2021-07-21 16:54:23,069 [WARN] PackLoader:226 - Cannot read IP mode file for STMicroelectronics.X-CUBE-AZRTOS-H7.1.0.0
2021-07-21 16:54:23,074 [WARN] PackLoader:226 - Cannot read IP mode file for STMicroelectronics.X-CUBE-ALS.1.0.1
2021-07-21 16:54:23,076 [WARN] PackLoader:226 - Cannot read IP mode file for STMicroelectronics.X-CUBE-AI.7.0.0
2021-07-21 16:54:23,079 [WARN] PackLoader:226 - Cannot read IP mode file for STMicroelectronics.X-CUBE-ALGOBUILD.1.2.1
2021-07-21 16:54:23,106 [WARN] PackLoader:226 - Cannot read IP mode file for STMicroelectronics.X-CUBE-MEMS1.8.3.0
2021-07-21 16:54:23,218 [WARN] PackLoader:226 - Cannot read IP mode file for STMicroelectronics.X-CUBE-DISPLAY.1.0.0
2021-07-21 16:54:23,220 [WARN] PackLoader:226 - Cannot read IP mode file for STMicroelectronics.X-CUBE-AI.6.0.0
2021-07-21 16:54:23,225 [WARN] PackLoader:226 - Cannot read IP mode file for STMicroelectronics.X-CUBE-EEPRMA1.3.1.0
2021-07-21 16:54:23,230 [WARN] PackLoader:226 - Cannot read IP mode file for STMicroelectronics.X-CUBE-ALGOBUILD.1.2.0
2021-07-21 16:54:23,233 [WARN] PackLoader:226 - Cannot read IP mode file for STMicroelectronics.X-CUBE-GNSS1.5.2.0
2021-07-21 16:54:23,237 [WARN] PackLoader:226 - Cannot read IP mode file for STMicroelectronics.X-CUBE-BLE1.6.1.0
2021-07-21 16:54:23,239 [WARN] PackLoader:226 - Cannot read IP mode file for wolfSSL.I-CUBE-wolfSSL.4.7.0
2021-07-21 16:54:23,241 [WARN] PackLoader:226 - Cannot read IP mode file for STMicroelectronics.X-CUBE-TOUCHGFX.4.16.1
2021-07-21 16:54:23,241 [INFO] ThirdParty:900 - Integrity check success = true
2021-07-21 16:54:23,241 [INFO] IntegrityCheckThread:75 - exiting critical section [integrity check]
2021-07-21 16:54:23,241 [INFO] IntegrityCheckThread:78 - End integrity checks thread
2021-07-21 16:54:24,582 [INFO] Context:587 - Trying to add GPIOservice into a context  which must be forbidden
2021-07-21 16:54:24,979 [INFO] ImportTextPane:162 - (OptionalMessage_ERROR) Unable to find key (Mcu.ThirdPartyNb) in loaded IOC file
2021-07-21 16:54:24,979 [INFO] ImportTextPane:162 - (OptionalMessage_ERROR) Unable to find key (Mcu.PinsNb) in loaded IOC file
2021-07-21 16:54:24,979 [INFO] ImportTextPane:162 - (OptionalMessage_ERROR) Unable to find key (Mcu.IPNb) in loaded IOC file
2021-07-21 16:54:25,027 [WARN] ApiManager:294 - Cannot register API 'Board Extension:S2868A1' from pack STMicroelectronics.X-CUBE-SFXS2LP1.3.1.0: no header file found
2021-07-21 16:54:25,027 [WARN] ApiManager:294 - Cannot register API 'Board Extension:S2868A2' from pack STMicroelectronics.X-CUBE-SFXS2LP1.3.1.0: no header file found
2021-07-21 16:54:25,027 [WARN] ApiManager:294 - Cannot register API 'Board Extension:S2915A1' from pack STMicroelectronics.X-CUBE-SFXS2LP1.3.1.0: no header file found
2021-07-21 16:54:25,031 [WARN] ApiManager:294 - Cannot register API 'Board Extension:S2868A1' from pack STMicroelectronics.X-CUBE-SFXS2LP1.3.0.0: no header file found
2021-07-21 16:54:25,031 [WARN] ApiManager:294 - Cannot register API 'Board Extension:S2868A2' from pack STMicroelectronics.X-CUBE-SFXS2LP1.3.0.0: no header file found
2021-07-21 16:54:25,032 [WARN] ApiManager:294 - Cannot register API 'Board Extension:S2915A1' from pack STMicroelectronics.X-CUBE-SFXS2LP1.3.0.0: no header file found
2021-07-21 16:54:25,035 [WARN] ModelIntegratedComponent:51 - No mode defined for component null
2021-07-21 16:54:25,035 [WARN] ModelIntegratedComponent:51 - No mode defined for component null
2021-07-21 16:54:25,036 [WARN] ModelIntegratedComponent:51 - No mode defined for component null
2021-07-21 16:54:25,036 [WARN] ModelIntegratedComponent:51 - No mode defined for component null
2021-07-21 16:54:25,036 [WARN] ModelIntegratedComponent:51 - No mode defined for component null
2021-07-21 16:54:25,036 [WARN] ModelIntegratedComponent:51 - No mode defined for component null
2021-07-21 16:54:25,036 [WARN] ModelIntegratedComponent:51 - No mode defined for component null
2021-07-21 16:54:25,036 [WARN] ModelIntegratedComponent:51 - No mode defined for component null
2021-07-21 16:54:25,036 [WARN] ModelIntegratedComponent:51 - No mode defined for component null
2021-07-21 16:54:25,036 [WARN] ModelIntegratedComponent:51 - No mode defined for component null
2021-07-21 16:54:25,036 [WARN] ModelIntegratedComponent:51 - No mode defined for component null
2021-07-21 16:54:25,036 [WARN] ModelIntegratedComponent:51 - No mode defined for component null
2021-07-21 16:54:25,036 [WARN] ModelIntegratedComponent:51 - No mode defined for component null
2021-07-21 16:54:25,036 [WARN] ModelIntegratedComponent:51 - No mode defined for component null
2021-07-21 16:54:25,036 [WARN] ModelIntegratedComponent:51 - No mode defined for component null
2021-07-21 16:54:25,037 [WARN] ModelIntegratedComponent:51 - No mode defined for component null
2021-07-21 16:54:25,037 [WARN] ModelIntegratedComponent:51 - No mode defined for component null
2021-07-21 16:54:25,037 [WARN] ModelIntegratedComponent:51 - No mode defined for component null
2021-07-21 16:54:25,037 [WARN] ModelIntegratedComponent:51 - No mode defined for component null
2021-07-21 16:54:25,037 [WARN] ModelIntegratedComponent:51 - No mode defined for component null
2021-07-21 16:54:25,037 [WARN] ModelIntegratedComponent:51 - No mode defined for component null
2021-07-21 16:54:25,037 [WARN] ModelIntegratedComponent:51 - No mode defined for component null
2021-07-21 16:54:25,037 [WARN] ModelIntegratedComponent:51 - No mode defined for component null
2021-07-21 16:54:25,037 [WARN] ModelIntegratedComponent:51 - No mode defined for component null
2021-07-21 16:54:25,037 [WARN] ModelIntegratedComponent:51 - No mode defined for component null
2021-07-21 16:54:25,038 [WARN] ModelIntegratedComponent:51 - No mode defined for component null
2021-07-21 16:54:25,038 [WARN] ModelIntegratedComponent:51 - No mode defined for component null
2021-07-21 16:54:25,043 [WARN] ApiManager:294 - Cannot register API 'Board Extension:S2868A1' from pack STMicroelectronics.X-CUBE-SUBG2.4.1.0: no header file found
2021-07-21 16:54:25,043 [WARN] ApiManager:294 - Cannot register API 'Board Extension:S2868A2' from pack STMicroelectronics.X-CUBE-SUBG2.4.1.0: no header file found
2021-07-21 16:54:25,043 [WARN] ApiManager:294 - Cannot register API 'Board Extension:S2915A1' from pack STMicroelectronics.X-CUBE-SUBG2.4.1.0: no header file found
2021-07-21 16:54:25,154 [WARN] ApiManager:294 - Cannot register API 'Board Extension:IKS01A3' from pack STMicroelectronics.X-CUBE-MEMS1.9.0.0: no header file found
2021-07-21 16:54:25,154 [WARN] ApiManager:294 - Cannot register API 'Board Extension:IKS01A2' from pack STMicroelectronics.X-CUBE-MEMS1.9.0.0: no header file found
2021-07-21 16:54:25,154 [WARN] ApiManager:294 - Cannot register API 'Board Extension:IKS02A1' from pack STMicroelectronics.X-CUBE-MEMS1.9.0.0: no header file found
2021-07-21 16:54:25,162 [WARN] ApiManager:294 - Cannot register API 'Board Extension:S2868A1' from pack STMicroelectronics.X-CUBE-SUBG2.4.0.0: no header file found
2021-07-21 16:54:25,163 [WARN] ApiManager:294 - Cannot register API 'Board Extension:S2868A2' from pack STMicroelectronics.X-CUBE-SUBG2.4.0.0: no header file found
2021-07-21 16:54:25,163 [WARN] ApiManager:294 - Cannot register API 'Board Extension:S2915A1' from pack STMicroelectronics.X-CUBE-SUBG2.4.0.0: no header file found
2021-07-21 16:54:25,165 [WARN] ApiManager:294 - Cannot register API 'Board Extension:S2868A1' from pack STMicroelectronics.X-CUBE-SUBG2.4.2.0: no header file found
2021-07-21 16:54:25,165 [WARN] ApiManager:294 - Cannot register API 'Board Extension:S2868A2' from pack STMicroelectronics.X-CUBE-SUBG2.4.2.0: no header file found
2021-07-21 16:54:25,165 [WARN] ApiManager:294 - Cannot register API 'Board Extension:S2915A1' from pack STMicroelectronics.X-CUBE-SUBG2.4.2.0: no header file found
2021-07-21 16:54:25,284 [WARN] ApiManager:294 - Cannot register API 'Board Extension:IKS01A3' from pack STMicroelectronics.X-CUBE-MEMS1.8.2.0: no header file found
2021-07-21 16:54:25,285 [WARN] ApiManager:294 - Cannot register API 'Board Extension:IKS01A2' from pack STMicroelectronics.X-CUBE-MEMS1.8.2.0: no header file found
2021-07-21 16:54:25,285 [WARN] ApiManager:294 - Cannot register API 'Board Extension:IKS02A1' from pack STMicroelectronics.X-CUBE-MEMS1.8.2.0: no header file found
2021-07-21 16:54:25,290 [WARN] ApiManager:294 - Cannot register API 'Board Extension:EEPRMA1' from pack STMicroelectronics.X-CUBE-EEPRMA1.3.0.0: no header file found
2021-07-21 16:54:25,291 [WARN] ApiManager:294 - Cannot register API 'Board Extension:EEPRMA2' from pack STMicroelectronics.X-CUBE-EEPRMA1.3.0.0: no header file found
2021-07-21 16:54:25,408 [WARN] ApiManager:294 - Cannot register API 'Board Extension:IKS01A3' from pack STMicroelectronics.X-CUBE-MEMS1.8.3.0: no header file found
2021-07-21 16:54:25,408 [WARN] ApiManager:294 - Cannot register API 'Board Extension:IKS01A2' from pack STMicroelectronics.X-CUBE-MEMS1.8.3.0: no header file found
2021-07-21 16:54:25,408 [WARN] ApiManager:294 - Cannot register API 'Board Extension:IKS02A1' from pack STMicroelectronics.X-CUBE-MEMS1.8.3.0: no header file found
2021-07-21 16:54:25,413 [INFO] RtosManager:470 - Registered RTOS mode: class=CMSIS, group=RTOS, mode=CMSIS_V1, owner=FREERTOS
2021-07-21 16:54:25,414 [INFO] RtosManager:470 - Registered RTOS mode: class=CMSIS, group=RTOS2, mode=CMSIS_V2, owner=FREERTOS
2021-07-21 16:54:25,414 [INFO] RtosManager:470 - Registered RTOS mode: class=RTOS, group=Core, mode=CMSIS_V1, owner=FREERTOS
2021-07-21 16:54:25,414 [INFO] RtosManager:470 - Registered RTOS mode: class=RTOS, group=Core, mode=CMSIS_V2, owner=FREERTOS
2021-07-21 16:54:25,414 [WARN] ModelIntegratedComponent:182 - Missing modes for component STMicroelectronics:FreeRTOS:0.0.1:STMicroelectronics:RTOS:FreeRTOS:Core:::10.2.0:
2021-07-21 16:54:25,419 [WARN] ApiManager:294 - Cannot register API 'Board Extension:EEPRMA1' from pack STMicroelectronics.X-CUBE-EEPRMA1.3.1.0: no header file found
2021-07-21 16:54:25,419 [WARN] ApiManager:294 - Cannot register API 'Board Extension:EEPRMA2' from pack STMicroelectronics.X-CUBE-EEPRMA1.3.1.0: no header file found
2021-07-21 16:54:25,420 [WARN] ApiManager:294 - Cannot register API 'Board Extension:GNSS1A1' from pack STMicroelectronics.X-CUBE-GNSS1.5.2.0: no header file found
2021-07-21 16:54:25,420 [WARN] ApiManager:294 - Cannot register API 'Board Support:Custom' from pack STMicroelectronics.X-CUBE-GNSS1.5.2.0: no header file found
2021-07-21 16:54:25,420 [WARN] ApiManager:294 - Cannot register API 'Data Exchange:lib_gnss' from pack STMicroelectronics.X-CUBE-GNSS1.5.2.0: no header file found
2021-07-21 16:54:25,420 [WARN] ApiManager:294 - Cannot register API 'Wireless:BlueNRG-MS' from pack STMicroelectronics.X-CUBE-BLE1.6.1.0: no header file found
2021-07-21 16:54:25,421 [WARN] ApiManager:294 - Cannot register API 'Wireless:BlueNRG-MS' from pack STMicroelectronics.X-CUBE-BLE1.6.2.0: no header file found
2021-07-21 16:54:25,421 [WARN] ApiManager:294 - Cannot register API 'Wireless:BlueNRG-MS' from pack STMicroelectronics.X-CUBE-BLE1.6.2.1: no header file found
2021-07-21 16:54:25,422 [WARN] ApiManager:294 - Cannot register API 'Wireless:BlueNRG-2' from pack STMicroelectronics.X-CUBE-BLE2.3.2.1: no header file found
2021-07-21 16:54:25,423 [WARN] ApiManager:294 - Cannot register API 'Board Extension:NFC04A1' from pack STMicroelectronics.X-CUBE-NFC4.2.0.3: no header file found
2021-07-21 16:54:25,423 [WARN] ApiManager:294 - Cannot register API 'Board Extension:NFC04A1' from pack STMicroelectronics.X-CUBE-NFC4.2.0.2: no header file found
2021-07-21 16:54:25,424 [WARN] ApiManager:294 - Cannot register API 'Wireless:BlueNRG-2' from pack STMicroelectronics.X-CUBE-BLE2.3.2.0: no header file found
2021-07-21 16:54:27,301 [INFO] UtilMem:74 - End LoadConfig() Used Memory: 513511456 Bytes (590348288)
2021-07-21 16:54:27,302 [WARN] ThirdParty:762 - waiting for thirdparty lock release [change project]
2021-07-21 16:54:27,302 [INFO] ThirdParty:764 - entering critical section [change project]
2021-07-21 16:54:27,302 [INFO] ThirdParty:952 - CMSIS Pack Vendor :STMicroelectronics X-CUBE-SFXS2LP1 3.1.0
2021-07-21 16:54:27,302 [INFO] ThirdParty:952 - CMSIS Pack Vendor :RoweBots I-CUBE-UNISONRTOS 5.5.0-4
2021-07-21 16:54:27,302 [INFO] ThirdParty:952 - CMSIS Pack Vendor :STMicroelectronics X-CUBE-SFXS2LP1 3.0.0
2021-07-21 16:54:27,302 [INFO] ThirdParty:952 - CMSIS Pack Vendor :STMicroelectronics USB_HOST 2.0.0
2021-07-21 16:54:27,302 [INFO] ThirdParty:952 - CMSIS Pack Vendor :STMicroelectronics USB_DEVICE 3.0.0
2021-07-21 16:54:27,302 [INFO] ThirdParty:952 - CMSIS Pack Vendor :STMicroelectronics X-CUBE-TOF1 2.0.0
2021-07-21 16:54:27,302 [INFO] ThirdParty:952 - CMSIS Pack Vendor :STMicroelectronics HAL Drivers 0.0.0
2021-07-21 16:54:27,303 [INFO] ThirdParty:952 - CMSIS Pack Vendor :STMicroelectronics MBEDTLS 2.16.2
2021-07-21 16:54:27,303 [INFO] ThirdParty:952 - CMSIS Pack Vendor :STMicroelectronics MBEDTLS 2.14.1
2021-07-21 16:54:27,303 [INFO] ThirdParty:952 - CMSIS Pack Vendor :STMicroelectronics X-CUBE-SUBG2 4.1.0
2021-07-21 16:54:27,303 [INFO] ThirdParty:952 - CMSIS Pack Vendor :STMicroelectronics X-CUBE-MEMS1 9.0.0
2021-07-21 16:54:27,303 [INFO] ThirdParty:952 - CMSIS Pack Vendor :STMicroelectronics X-CUBE-SUBG2 4.0.0
2021-07-21 16:54:27,303 [INFO] ThirdParty:952 - CMSIS Pack Vendor :STMicroelectronics X-CUBE-SUBG2 4.2.0
2021-07-21 16:54:27,303 [INFO] ThirdParty:952 - CMSIS Pack Vendor :STMicroelectronics X-CUBE-TOF1 1.0.0
2021-07-21 16:54:27,303 [INFO] ThirdParty:952 - CMSIS Pack Vendor :STMicroelectronics X-CUBE-AZRTOS-H7 1.0.0
2021-07-21 16:54:27,303 [INFO] ThirdParty:952 - CMSIS Pack Vendor :STMicroelectronics X-CUBE-ALS 1.0.1
2021-07-21 16:54:27,303 [INFO] ThirdParty:952 - CMSIS Pack Vendor :STMicroelectronics USB_DEVICE 2.0.0
2021-07-21 16:54:27,303 [INFO] ThirdParty:952 - CMSIS Pack Vendor :STMicroelectronics X-CUBE-AI 7.0.0
2021-07-21 16:54:27,303 [INFO] ThirdParty:952 - CMSIS Pack Vendor :STMicroelectronics X-CUBE-MEMS1 8.2.0
2021-07-21 16:54:27,303 [INFO] ThirdParty:952 - CMSIS Pack Vendor :STMicroelectronics X-CUBE-ALGOBUILD 1.2.1
2021-07-21 16:54:27,303 [INFO] ThirdParty:952 - CMSIS Pack Vendor :STMicroelectronics X-CUBE-EEPRMA1 3.0.0
2021-07-21 16:54:27,303 [INFO] ThirdParty:952 - CMSIS Pack Vendor :STMicroelectronics X-CUBE-MEMS1 8.3.0
2021-07-21 16:54:27,303 [INFO] ThirdParty:952 - CMSIS Pack Vendor :STMicroelectronics X-CUBE-DISPLAY 1.0.0
2021-07-21 16:54:27,303 [INFO] ThirdParty:952 - CMSIS Pack Vendor :STMicroelectronics FreeRTOS 0.0.1
2021-07-21 16:54:27,303 [INFO] ThirdParty:952 - CMSIS Pack Vendor :STMicroelectronics USB_DEVICE 1.0.0
2021-07-21 16:54:27,304 [INFO] ThirdParty:952 - CMSIS Pack Vendor :STMicroelectronics X-CUBE-AI 6.0.0
2021-07-21 16:54:27,304 [INFO] ThirdParty:952 - CMSIS Pack Vendor :SEGGER I-CUBE-embOS 1.2.0
2021-07-21 16:54:27,304 [INFO] ThirdParty:952 - CMSIS Pack Vendor :STMicroelectronics X-CUBE-EEPRMA1 3.1.0
2021-07-21 16:54:27,304 [INFO] ThirdParty:952 - CMSIS Pack Vendor :STMicroelectronics X-CUBE-ALGOBUILD 1.2.0
2021-07-21 16:54:27,304 [INFO] ThirdParty:952 - CMSIS Pack Vendor :STMicroelectronics X-CUBE-GNSS1 5.2.0
2021-07-21 16:54:27,304 [INFO] ThirdParty:952 - CMSIS Pack Vendor :STMicroelectronics X-CUBE-BLE1 6.1.0
2021-07-21 16:54:27,304 [INFO] ThirdParty:952 - CMSIS Pack Vendor :STMicroelectronics lwIP 2.0.3
2021-07-21 16:54:27,304 [INFO] ThirdParty:952 - CMSIS Pack Vendor :STMicroelectronics lwIP 2.1.2
2021-07-21 16:54:27,304 [INFO] ThirdParty:952 - CMSIS Pack Vendor :STMicroelectronics X-CUBE-BLE1 6.2.0
2021-07-21 16:54:27,304 [INFO] ThirdParty:952 - CMSIS Pack Vendor :STMicroelectronics X-CUBE-BLE1 6.2.1
2021-07-21 16:54:27,304 [INFO] ThirdParty:952 - CMSIS Pack Vendor :STMicroelectronics X-CUBE-BLE2 3.2.1
2021-07-21 16:54:27,304 [INFO] ThirdParty:952 - CMSIS Pack Vendor :STMicroelectronics USB_HOST 1.0.0
2021-07-21 16:54:27,304 [INFO] ThirdParty:952 - CMSIS Pack Vendor :STMicroelectronics X-CUBE-NFC4 2.0.3
2021-07-21 16:54:27,304 [INFO] ThirdParty:952 - CMSIS Pack Vendor :STMicroelectronics X-CUBE-NFC4 2.0.2
2021-07-21 16:54:27,304 [INFO] ThirdParty:952 - CMSIS Pack Vendor :STMicroelectronics X-CUBE-TOUCHGFX 4.17.0
2021-07-21 16:54:27,304 [INFO] ThirdParty:952 - CMSIS Pack Vendor :wolfSSL I-CUBE-wolfSSL 4.7.0
2021-07-21 16:54:27,304 [INFO] ThirdParty:952 - CMSIS Pack Vendor :STMicroelectronics X-CUBE-TOUCHGFX 4.16.1
2021-07-21 16:54:27,304 [INFO] ThirdParty:952 - CMSIS Pack Vendor :STMicroelectronics PDM2PCM 3.1.0
2021-07-21 16:54:27,304 [INFO] ThirdParty:952 - CMSIS Pack Vendor :STMicroelectronics PDM2PCM 3.2.0
2021-07-21 16:54:27,305 [INFO] ThirdParty:952 - CMSIS Pack Vendor :STMicroelectronics PDM2PCM 3.3.0
2021-07-21 16:54:27,305 [INFO] ThirdParty:952 - CMSIS Pack Vendor :STMicroelectronics X-CUBE-BLE2 3.2.0
2021-07-21 16:54:27,305 [INFO] ThirdParty:770 - exiting critical section [change project]
2021-07-21 16:54:27,601 [INFO] PinOutPanel:1435 - setPackage(No Configuration,No Configuration)
2021-07-21 16:54:27,602 [INFO] PinOutPanel:1435 - setPackage(STM32F407VGTx,LQFP100)
2021-07-21 16:54:27,883 [INFO] UtilMem:74 - Before build in PCC Used Memory: 474683392 Bytes (590348288)
2021-07-21 16:54:28,170 [INFO] SharedServices:72 - Folder for power plug-in: C:/Users/joa-m/.stm32cubemx/plugins/power
2021-07-21 16:54:28,204 [INFO] SharedServices:72 - Folder for power plug-in: C:/Users/joa-m/.stm32cubemx/plugins/power
2021-07-21 16:54:28,236 [INFO] SharedServices:72 - Folder for power plug-in: C:/Users/joa-m/.stm32cubemx/plugins/power
2021-07-21 16:54:28,245 [INFO] SharedServices:72 - Folder for power plug-in: C:/Users/joa-m/.stm32cubemx/plugins/power
2021-07-21 16:54:28,341 [INFO] UtilMem:74 - After build in PCC Used Memory: 482158184 Bytes (590348288)
2021-07-21 16:54:28,356 [INFO] IPUIPlugin:64 - create IPUIPlugin
2021-07-21 16:54:28,356 [INFO] IPUIPlugin:64 - create IPUIPlugin
2021-07-21 16:54:28,356 [INFO] IPUIPlugin:64 - create IPUIPlugin
2021-07-21 16:54:28,356 [INFO] IPUIPlugin:64 - create IPUIPlugin
2021-07-21 16:54:28,356 [INFO] IPUIPlugin:64 - create IPUIPlugin
2021-07-21 16:54:28,356 [INFO] IPUIPlugin:64 - create IPUIPlugin
2021-07-21 16:54:28,356 [INFO] IPUIPlugin:64 - create IPUIPlugin
2021-07-21 16:54:28,357 [INFO] IPUIPlugin:64 - create IPUIPlugin
2021-07-21 16:54:28,357 [INFO] IPUIPlugin:64 - create IPUIPlugin
2021-07-21 16:54:28,357 [INFO] IPUIPlugin:64 - create IPUIPlugin
2021-07-21 16:54:28,357 [INFO] IPUIPlugin:64 - create IPUIPlugin
2021-07-21 16:54:28,357 [INFO] IPUIPlugin:64 - create IPUIPlugin
2021-07-21 16:54:28,358 [INFO] IPUIPlugin:64 - create IPUIPlugin
2021-07-21 16:54:28,358 [INFO] IPUIPlugin:64 - create IPUIPlugin
2021-07-21 16:54:28,358 [INFO] IPUIPlugin:64 - create IPUIPlugin
2021-07-21 16:54:28,358 [INFO] IPUIPlugin:64 - create IPUIPlugin
2021-07-21 16:54:28,358 [INFO] IPUIPlugin:64 - create IPUIPlugin
2021-07-21 16:54:28,358 [INFO] IPUIPlugin:64 - create IPUIPlugin
2021-07-21 16:54:28,358 [INFO] IPUIPlugin:64 - create IPUIPlugin
2021-07-21 16:54:28,358 [INFO] IPUIPlugin:64 - create IPUIPlugin
2021-07-21 16:54:28,358 [INFO] IPUIPlugin:64 - create IPUIPlugin
2021-07-21 16:54:28,358 [INFO] IPUIPlugin:64 - create IPUIPlugin
2021-07-21 16:54:28,358 [INFO] IPUIPlugin:64 - create IPUIPlugin
2021-07-21 16:54:28,359 [INFO] IPUIPlugin:64 - create IPUIPlugin
2021-07-21 16:54:28,359 [INFO] IPUIPlugin:64 - create IPUIPlugin
2021-07-21 16:54:28,359 [INFO] IPUIPlugin:64 - create IPUIPlugin
2021-07-21 16:54:28,360 [INFO] IPUIPlugin:64 - create IPUIPlugin
2021-07-21 16:54:28,360 [INFO] IPUIPlugin:64 - create IPUIPlugin
2021-07-21 16:54:28,360 [INFO] IPUIPlugin:64 - create IPUIPlugin
2021-07-21 16:54:28,360 [INFO] IPUIPlugin:64 - create IPUIPlugin
2021-07-21 16:54:28,361 [INFO] IPUIPlugin:64 - create IPUIPlugin
2021-07-21 16:54:28,361 [INFO] IPUIPlugin:64 - create IPUIPlugin
2021-07-21 16:54:28,361 [INFO] IPUIPlugin:64 - create IPUIPlugin
2021-07-21 16:54:28,362 [INFO] IPUIPlugin:64 - create IPUIPlugin
2021-07-21 16:54:28,362 [INFO] IPUIPlugin:64 - create IPUIPlugin
2021-07-21 16:54:28,362 [INFO] IPUIPlugin:64 - create IPUIPlugin
2021-07-21 16:54:28,362 [INFO] IPUIPlugin:64 - create IPUIPlugin
2021-07-21 16:54:28,363 [INFO] IPUIPlugin:64 - create IPUIPlugin
2021-07-21 16:54:28,363 [INFO] IPUIPlugin:64 - create IPUIPlugin
2021-07-21 16:54:28,363 [INFO] IPUIPlugin:64 - create IPUIPlugin
2021-07-21 16:54:28,364 [INFO] IPUIPlugin:64 - create IPUIPlugin
2021-07-21 16:54:28,364 [INFO] IPUIPlugin:64 - create IPUIPlugin
2021-07-21 16:54:28,364 [INFO] IPUIPlugin:64 - create IPUIPlugin
2021-07-21 16:54:28,365 [INFO] IPUIPlugin:64 - create IPUIPlugin
2021-07-21 16:54:28,365 [INFO] IPUIPlugin:64 - create IPUIPlugin
2021-07-21 16:54:28,365 [INFO] IPUIPlugin:64 - create IPUIPlugin
2021-07-21 16:54:28,366 [INFO] IPUIPlugin:64 - create IPUIPlugin
2021-07-21 16:54:28,366 [INFO] IPUIPlugin:64 - create IPUIPlugin
2021-07-21 16:54:28,367 [INFO] IPUIPlugin:64 - create IPUIPlugin
2021-07-21 16:54:28,367 [INFO] IPUIPlugin:64 - create IPUIPlugin
2021-07-21 16:54:28,368 [INFO] IPUIPlugin:64 - create IPUIPlugin
2021-07-21 16:54:28,369 [INFO] IPUIPlugin:64 - create IPUIPlugin
2021-07-21 16:54:28,369 [INFO] IPUIPlugin:64 - create IPUIPlugin
2021-07-21 16:54:28,370 [INFO] IPUIPlugin:64 - create IPUIPlugin
2021-07-21 16:54:28,370 [INFO] IPUIPlugin:64 - create IPUIPlugin
2021-07-21 16:54:28,371 [INFO] IPUIPlugin:64 - create IPUIPlugin
2021-07-21 16:54:28,372 [INFO] IPUIPlugin:64 - create IPUIPlugin
2021-07-21 16:54:28,372 [INFO] IPUIPlugin:64 - create IPUIPlugin
2021-07-21 16:54:28,403 [INFO] ApiDbMcu:458 - Load IP Config File for PDM2PCM
2021-07-21 16:54:28,418 [INFO] LogOutputStream:76 - [STDOUT_REDIRECT] toolchainItems.length=====1
2021-07-21 16:54:28,476 [INFO] OpenFileManager:323 - Restore cursor
2021-07-21 16:54:28,695 [INFO] UtilMem:74 - End SaveConfig() Used Memory: 481369576 Bytes (590348288)
2021-07-21 16:54:28,729 [INFO] UtilMem:74 - End SaveConfig() Used Memory: 491329000 Bytes (590348288)
2021-07-21 16:54:28,955 [INFO] BlockDiagram:2735 - set Specific Code input for plugin: SYS
2021-07-21 16:54:28,955 [INFO] BlockDiagram:2735 - set Specific Code input for plugin: RCC
2021-07-21 16:54:28,955 [INFO] BlockDiagram:2735 - set Specific Code input for plugin: NVIC
2021-07-21 16:54:28,957 [INFO] CodeGenerator:641 - code generatio: config db path: C:\ST\STM32CubeIDE_1.6.0\STM32CubeIDE\plugins\com.st.stm32cube.common.mx_6.2.0.202102191602\\db\
2021-07-21 16:54:29,319 [INFO] CodeEngine:229 - oldGeneratedFile, C:\DisenioBJAM\Prototipo\COMECA\COMECA\MXTmpFiles\license.tmp_save
2021-07-21 16:54:29,579 [INFO] CodeEngine:247 - Generated code: C:\DisenioBJAM\Prototipo\COMECA\COMECA\MXTmpFiles\license.tmp
2021-07-21 16:54:29,630 [INFO] CodeEngine:229 - oldGeneratedFile, C:\DisenioBJAM\Prototipo\COMECA\COMECA\Core\Src\stm32f4xx_it.c_save
2021-07-21 16:54:29,714 [INFO] CodeEngine:247 - Generated code: C:\DisenioBJAM\Prototipo\COMECA\COMECA\Core\Src\stm32f4xx_it.c
2021-07-21 16:54:29,716 [INFO] CodeEngine:229 - oldGeneratedFile, C:\DisenioBJAM\Prototipo\COMECA\COMECA\Core\Inc\stm32f4xx_it.h_save
2021-07-21 16:54:29,778 [INFO] CodeEngine:247 - Generated code: C:\DisenioBJAM\Prototipo\COMECA\COMECA\Core\Inc\stm32f4xx_it.h
2021-07-21 16:54:29,784 [INFO] CodeEngine:229 - oldGeneratedFile, C:\DisenioBJAM\Prototipo\COMECA\COMECA\Core\Src\stm32f4xx_hal_msp.c_save
2021-07-21 16:54:29,852 [INFO] CodeEngine:247 - Generated code: C:\DisenioBJAM\Prototipo\COMECA\COMECA\Core\Src\stm32f4xx_hal_msp.c
2021-07-21 16:54:29,853 [INFO] CodeEngine:229 - oldGeneratedFile, C:\DisenioBJAM\Prototipo\COMECA\COMECA\MXTmpFiles\system.tmp_save
2021-07-21 16:54:29,900 [INFO] CodeEngine:247 - Generated code: C:\DisenioBJAM\Prototipo\COMECA\COMECA\MXTmpFiles\system.tmp
2021-07-21 16:54:29,905 [INFO] CodeEngine:229 - oldGeneratedFile, C:\DisenioBJAM\Prototipo\COMECA\COMECA\Core\Inc\stm32f4xx_hal_conf.h_save
2021-07-21 16:54:29,987 [INFO] CodeEngine:247 - Generated code: C:\DisenioBJAM\Prototipo\COMECA\COMECA\Core\Inc\stm32f4xx_hal_conf.h
2021-07-21 16:54:30,024 [INFO] CodeEngine:229 - oldGeneratedFile, C:\DisenioBJAM\Prototipo\COMECA\COMECA\Core\Inc\main.h_save
2021-07-21 16:54:30,102 [INFO] CodeEngine:247 - Generated code: C:\DisenioBJAM\Prototipo\COMECA\COMECA\Core\Inc\main.h
2021-07-21 16:54:30,105 [INFO] CodeEngine:229 - oldGeneratedFile, C:\DisenioBJAM\Prototipo\COMECA\COMECA\Core\Src\main.c_save
2021-07-21 16:54:30,199 [INFO] CodeEngine:247 - Generated code: C:\DisenioBJAM\Prototipo\COMECA\COMECA\Core\Src\main.c
2021-07-21 16:54:30,848 [INFO] ProjectBuilder:2460 - Time for Copy HAL[1] : 47mS.
2021-07-21 16:54:30,852 [INFO] ProjectBuilder:3418 - Project Generator version: 3.13.0-B3
2021-07-21 16:54:31,201 [INFO] ConfigFileManager:1242 - The Die is : DIE413
2021-07-21 16:54:31,213 [INFO] ApiDbMcu:458 - Load IP Config File for FATFS
2021-07-21 16:54:31,236 [INFO] ApiDbMcu:458 - Load IP Config File for FREERTOS
2021-07-21 16:54:31,241 [INFO] ApiDbMcu:458 - Load IP Config File for LIBJPEG
2021-07-21 16:54:31,299 [INFO] ApiDbMcu:458 - Load IP Config File for LWIP
2021-07-21 16:54:31,335 [INFO] ApiDbMcu:458 - Load IP Config File for MBEDTLS
2021-07-21 16:54:31,374 [INFO] ApiDbMcu:458 - Load IP Config File for USB_DEVICE
2021-07-21 16:54:31,383 [INFO] ApiDbMcu:458 - Load IP Config File for USB_HOST
2021-07-21 16:54:33,693 [INFO] ProjectBuilder:3584 - Time for Generating toolchain IDE Files: 2841mS.
2021-07-21 16:54:33,693 [INFO] ProjectBuilder:2339 - Time for Copy CMSIS : 0mS.
2021-07-21 16:54:33,695 [INFO] ProjectBuilder:2339 - Time for Copy CMSIS : 0mS.
2021-07-21 16:54:34,002 [INFO] ApiDb:276 - Save user favorites file C:\Users\joa-m/.stm32cubeide/favorites.mcus.txt: 0 item(s)
2021-07-21 16:54:34,003 [INFO] ApiDb:280 - User favorites MCUs=[]
2021-07-21 16:54:52,305 [INFO] UtilMem:74 - End SaveConfig() Used Memory: 628238616 Bytes (909115392)
2021-07-21 16:54:53,345 [INFO] UtilMem:74 - End SaveConfig() Used Memory: 643932912 Bytes (909115392)
2021-07-21 16:54:57,234 [INFO] UtilMem:74 - End SaveConfig() Used Memory: 712649008 Bytes (909115392)
2021-07-21 16:54:57,481 [INFO] BlockDiagram:2735 - set Specific Code input for plugin: SYS
2021-07-21 16:54:57,481 [INFO] BlockDiagram:2735 - set Specific Code input for plugin: RCC
2021-07-21 16:54:57,481 [INFO] BlockDiagram:2735 - set Specific Code input for plugin: NVIC
2021-07-21 16:54:57,482 [INFO] BlockDiagram:2735 - set Specific Code input for plugin: GPIO
2021-07-21 16:54:57,482 [INFO] CodeGenerator:641 - code generatio: config db path: C:\ST\STM32CubeIDE_1.6.0\STM32CubeIDE\plugins\com.st.stm32cube.common.mx_6.2.0.202102191602\\db\
2021-07-21 16:54:57,836 [INFO] CodeEngine:229 - oldGeneratedFile, C:\DisenioBJAM\Prototipo\COMECA\COMECA\MXTmpFiles\license.tmp_save
2021-07-21 16:54:57,917 [INFO] CodeEngine:247 - Generated code: C:\DisenioBJAM\Prototipo\COMECA\COMECA\MXTmpFiles\license.tmp
2021-07-21 16:54:57,943 [INFO] CodeEngine:229 - oldGeneratedFile, C:\DisenioBJAM\Prototipo\COMECA\COMECA\MXTmpFiles\gpio.tmp_save
2021-07-21 16:54:58,006 [INFO] CodeEngine:247 - Generated code: C:\DisenioBJAM\Prototipo\COMECA\COMECA\MXTmpFiles\gpio.tmp
2021-07-21 16:54:58,026 [INFO] CodeEngine:229 - oldGeneratedFile, C:\DisenioBJAM\Prototipo\COMECA\COMECA\Core\Src\stm32f4xx_it.c_save
2021-07-21 16:54:58,099 [INFO] CodeEngine:247 - Generated code: C:\DisenioBJAM\Prototipo\COMECA\COMECA\Core\Src\stm32f4xx_it.c
2021-07-21 16:54:58,104 [INFO] CodeEngine:229 - oldGeneratedFile, C:\DisenioBJAM\Prototipo\COMECA\COMECA\Core\Inc\stm32f4xx_it.h_save
2021-07-21 16:54:58,148 [INFO] CodeEngine:247 - Generated code: C:\DisenioBJAM\Prototipo\COMECA\COMECA\Core\Inc\stm32f4xx_it.h
2021-07-21 16:54:58,159 [INFO] CodeEngine:229 - oldGeneratedFile, C:\DisenioBJAM\Prototipo\COMECA\COMECA\Core\Src\stm32f4xx_hal_msp.c_save
2021-07-21 16:54:58,239 [INFO] CodeEngine:247 - Generated code: C:\DisenioBJAM\Prototipo\COMECA\COMECA\Core\Src\stm32f4xx_hal_msp.c
2021-07-21 16:54:58,241 [INFO] CodeEngine:229 - oldGeneratedFile, C:\DisenioBJAM\Prototipo\COMECA\COMECA\MXTmpFiles\system.tmp_save
2021-07-21 16:54:58,278 [INFO] CodeEngine:247 - Generated code: C:\DisenioBJAM\Prototipo\COMECA\COMECA\MXTmpFiles\system.tmp
2021-07-21 16:54:58,287 [INFO] CodeEngine:229 - oldGeneratedFile, C:\DisenioBJAM\Prototipo\COMECA\COMECA\Core\Inc\stm32f4xx_hal_conf.h_save
2021-07-21 16:54:58,360 [INFO] CodeEngine:247 - Generated code: C:\DisenioBJAM\Prototipo\COMECA\COMECA\Core\Inc\stm32f4xx_hal_conf.h
2021-07-21 16:54:58,394 [INFO] CodeEngine:229 - oldGeneratedFile, C:\DisenioBJAM\Prototipo\COMECA\COMECA\Core\Inc\main.h_save
2021-07-21 16:54:58,437 [INFO] CodeEngine:247 - Generated code: C:\DisenioBJAM\Prototipo\COMECA\COMECA\Core\Inc\main.h
2021-07-21 16:54:58,444 [INFO] CodeEngine:229 - oldGeneratedFile, C:\DisenioBJAM\Prototipo\COMECA\COMECA\Core\Src\main.c_save
2021-07-21 16:54:58,521 [INFO] CodeEngine:247 - Generated code: C:\DisenioBJAM\Prototipo\COMECA\COMECA\Core\Src\main.c
2021-07-21 16:54:59,106 [INFO] ProjectBuilder:2460 - Time for Copy HAL[1] : 47mS.
2021-07-21 16:54:59,109 [INFO] ProjectBuilder:3418 - Project Generator version: 3.13.0-B3
2021-07-21 16:54:59,422 [INFO] ConfigFileManager:1242 - The Die is : DIE413
2021-07-21 16:55:00,699 [INFO] ProjectBuilder:3584 - Time for Generating toolchain IDE Files: 1590mS.
2021-07-21 16:55:00,700 [INFO] ProjectBuilder:2339 - Time for Copy CMSIS : 1mS.
2021-07-21 16:55:00,702 [INFO] ProjectBuilder:2339 - Time for Copy CMSIS : 0mS.
