Added Component: Designator=C1(CAP200RP)
Added Component: Designator=C2(CAP200RP)
Added Component: Designator=C3(CAP100)
Added Component: Designator=C4(CAP200)
Added Component: Designator=C5(CAP100RP)
Added Component: Designator=C6(CAP100)
Added Component: Designator=C7(CAP200)
Added Component: Designator=C8(CAP100)
Added Component: Designator=C9(CAP100)
Added Component: Designator=C10(CAP200)
Added Component: Designator=C11(CAP100)
Added Component: Designator=C12(CAP200RP)
Added Component: Designator=C13(CAP200RP)
Added Component: Designator=C14(CAP200RP)
Added Component: Designator=C15(CAP200)
Added Component: Designator=D1(DO41)
Added Component: Designator=D2(DO41)
Added Component: Designator=D3(DO41)
Added Component: Designator=D4(DO41)
Added Component: Designator=DP1(PUENTE - W10M)
Added Component: Designator=DZ1(DO41)
Added Component: Designator=J1(TE_1586863-4)
Added Component: Designator=J2(TE_1586863-4)
Added Component: Designator=J3(TE_1-1586863-0)
Added Component: Designator=J4(TE_1586863-8)
Added Component: Designator=J5(SIP6)
Added Component: Designator=J6(RJ45)
Added Component: Designator=JC1(TE_5104338-1)
Added Component: Designator=JC2(TE_5104338-1)
Added Component: Designator=JC3(TE_5104338-1)
Added Component: Designator=JC4(TE_5104338-1)
Added Component: Designator=JE1(SIP13*2)
Added Component: Designator=JE2(SIP13*2)
Added Component: Designator=JE3(SIP13*2)
Added Component: Designator=JE4(SIP13*2)
Added Component: Designator=J(TE_6364372-2)
Added Component: Designator=L1(Choke10.5)
Added Component: Designator=L2(CHOKE_PAD)
Added Component: Designator=R1(RES400)
Added Component: Designator=R2(RES400)
Added Component: Designator=R3(RES400)
Added Component: Designator=R4(RES400)
Added Component: Designator=R5(RES400)
Added Component: Designator=R6(RES400)
Added Component: Designator=R7(RES400)
Added Component: Designator=R8(RES400)
Added Component: Designator=R9(RES400)
Added Component: Designator=R10(RES400)
Added Component: Designator=R11(RES400)
Added Component: Designator=R12(RES400)
Added Component: Designator=R13(RES400)
Added Component: Designator=R14(RES400)
Added Component: Designator=R15(RES400)
Added Component: Designator=R16(RES400)
Added Component: Designator=R17(RES400)
Added Component: Designator=R18(RES400)
Added Component: Designator=R19(RES400)
Added Component: Designator=R20(RES400)
Added Component: Designator=R21(RES400)
Added Component: Designator=R22(RES400)
Added Component: Designator=R23(RES400)
Added Component: Designator=R24(RES400)
Added Component: Designator=R25(RES400)
Added Component: Designator=RA1(RES400)
Added Component: Designator=RA2(RES400)
Added Component: Designator=RA3(RES400)
Added Component: Designator=RA4(RES400)
Added Component: Designator=RDET(RES400)
Added Component: Designator=RICLASS(RES400)
Added Component: Designator=RILIM(RES400)
Added Component: Designator=T1(TO92)
Added Component: Designator=T2(TO92)
Added Component: Designator=T3(TO92)
Added Component: Designator=T4(TO92)
Added Component: Designator=U1(TO-220_5 H)
Added Component: Designator=U2(TO-220 H)
Added Component: Designator=U3(DIP8)
Added Component: Designator=U4(SOP63P600X175-16N)
Added Component: Designator=U5(SOP63P600X175-16N)
Added Component: Designator=U6(TO-220_5 H)
Added Component: Designator=U7(DIP16)
Added Component: Designator=U8(SOIC127P599X175-8N)
